# JRE version: OpenJDK Runtime Environment (8.0_152-b01) (build 1.8.0_152-release-915-b01)
# Java VM: OpenJDK 64-Bit Server VM (25.152-b01 mixed mode linux-amd64 compressed oops)
Heap:
 PSYoungGen      total 114176K, used 8673K [0x00000000e0000000, 0x00000000e8400000, 0x0000000100000000)
  eden space 105472K, 0% used [0x00000000e0000000,0x00000000e0000000,0x00000000e6700000)
  from space 8704K, 99% used [0x00000000e7300000,0x00000000e7b78780,0x00000000e7b80000)
  to   space 7168K, 0% used [0x00000000e7d00000,0x00000000e7d00000,0x00000000e8400000)
 ParOldGen       total 29184K, used 6744K [0x00000000a0000000, 0x00000000a1c80000, 0x00000000e0000000)
  object space 29184K, 23% used [0x00000000a0000000,0x00000000a0696170,0x00000000a1c80000)
 Metaspace       used 30570K, capacity 31178K, committed 31488K, reserved 1077248K
  class space    used 4159K, capacity 4350K, committed 4352K, reserved 1048576K
GC Heap History (10 events):
Event: 2,175 GC heap after
Heap after GC invocations=5 (full 0):
 PSYoungGen      total 33280K, used 2528K [0x00000000e0000000, 0x00000000e4a00000, 0x0000000100000000)
  eden space 30720K, 0% used [0x00000000e0000000,0x00000000e0000000,0x00000000e1e00000)
  from space 2560K, 98% used [0x00000000e1e00000,0x00000000e2078030,0x00000000e2080000)
  to   space 7168K, 0% used [0x00000000e4300000,0x00000000e4300000,0x00000000e4a00000)
 ParOldGen       total 40960K, used 7311K [0x00000000a0000000, 0x00000000a2800000, 0x00000000e0000000)
  object space 40960K, 17% used [0x00000000a0000000,0x00000000a0723d48,0x00000000a2800000)
 Metaspace       used 14759K, capacity 15054K, committed 15360K, reserved 1062912K
  class space    used 2102K, capacity 2217K, committed 2304K, reserved 1048576K
}
Event: 3,045 GC heap before
{Heap before GC invocations=6 (full 0):
 PSYoungGen      total 33280K, used 33248K [0x00000000e0000000, 0x00000000e4a00000, 0x0000000100000000)
  eden space 30720K, 100% used [0x00000000e0000000,0x00000000e1e00000,0x00000000e1e00000)
  from space 2560K, 98% used [0x00000000e1e00000,0x00000000e2078030,0x00000000e2080000)
  to   space 7168K, 0% used [0x00000000e4300000,0x00000000e4300000,0x00000000e4a00000)
 ParOldGen       total 40960K, used 7311K [0x00000000a0000000, 0x00000000a2800000, 0x00000000e0000000)
  object space 40960K, 17% used [0x00000000a0000000,0x00000000a0723d48,0x00000000a2800000)
 Metaspace       used 20532K, capacity 21064K, committed 21248K, reserved 1067008K
  class space    used 2853K, capacity 3037K, committed 3072K, reserved 1048576K
Event: 3,055 GC heap after
Heap after GC invocations=6 (full 0):
 PSYoungGen      total 67072K, used 7139K [0x00000000e0000000, 0x00000000e4d00000, 0x0000000100000000)
  eden space 59904K, 0% used [0x00000000e0000000,0x00000000e0000000,0x00000000e3a80000)
  from space 7168K, 99% used [0x00000000e4300000,0x00000000e49f8eb0,0x00000000e4a00000)
  to   space 8704K, 0% used [0x00000000e3a80000,0x00000000e3a80000,0x00000000e4300000)
 ParOldGen       total 40960K, used 7911K [0x00000000a0000000, 0x00000000a2800000, 0x00000000e0000000)
  object space 40960K, 19% used [0x00000000a0000000,0x00000000a07b9cb0,0x00000000a2800000)
 Metaspace       used 20532K, capacity 21064K, committed 21248K, reserved 1067008K
  class space    used 2853K, capacity 3037K, committed 3072K, reserved 1048576K
}
Event: 3,075 GC heap before
{Heap before GC invocations=7 (full 0):
 PSYoungGen      total 67072K, used 8822K [0x00000000e0000000, 0x00000000e4d00000, 0x0000000100000000)
  eden space 59904K, 2% used [0x00000000e0000000,0x00000000e01a4ba0,0x00000000e3a80000)
  from space 7168K, 99% used [0x00000000e4300000,0x00000000e49f8eb0,0x00000000e4a00000)
  to   space 8704K, 0% used [0x00000000e3a80000,0x00000000e3a80000,0x00000000e4300000)
 ParOldGen       total 40960K, used 7911K [0x00000000a0000000, 0x00000000a2800000, 0x00000000e0000000)
  object space 40960K, 19% used [0x00000000a0000000,0x00000000a07b9cb0,0x00000000a2800000)
 Metaspace       used 20586K, capacity 21064K, committed 21248K, reserved 1067008K
  class space    used 2860K, capacity 3037K, committed 3072K, reserved 1048576K
Event: 3,082 GC heap after
Heap after GC invocations=7 (full 0):
 PSYoungGen      total 68608K, used 4132K [0x00000000e0000000, 0x00000000e8500000, 0x0000000100000000)
  eden space 59904K, 0% used [0x00000000e0000000,0x00000000e0000000,0x00000000e3a80000)
  from space 8704K, 47% used [0x00000000e3a80000,0x00000000e3e89040,0x00000000e4300000)
  to   space 8192K, 0% used [0x00000000e7d00000,0x00000000e7d00000,0x00000000e8500000)
 ParOldGen       total 40960K, used 8639K [0x00000000a0000000, 0x00000000a2800000, 0x00000000e0000000)
  object space 40960K, 21% used [0x00000000a0000000,0x00000000a086fd20,0x00000000a2800000)
 Metaspace       used 20586K, capacity 21064K, committed 21248K, reserved 1067008K
  class space    used 2860K, capacity 3037K, committed 3072K, reserved 1048576K
}
Event: 3,082 GC heap before
{Heap before GC invocations=8 (full 1):
 PSYoungGen      total 68608K, used 4132K [0x00000000e0000000, 0x00000000e8500000, 0x0000000100000000)
  eden space 59904K, 0% used [0x00000000e0000000,0x00000000e0000000,0x00000000e3a80000)
  from space 8704K, 47% used [0x00000000e3a80000,0x00000000e3e89040,0x00000000e4300000)
  to   space 8192K, 0% used [0x00000000e7d00000,0x00000000e7d00000,0x00000000e8500000)
 ParOldGen       total 40960K, used 8639K [0x00000000a0000000, 0x00000000a2800000, 0x00000000e0000000)
  object space 40960K, 21% used [0x00000000a0000000,0x00000000a086fd20,0x00000000a2800000)
 Metaspace       used 20586K, capacity 21064K, committed 21248K, reserved 1067008K
  class space    used 2860K, capacity 3037K, committed 3072K, reserved 1048576K
Event: 3,139 GC heap after
Heap after GC invocations=8 (full 1):
 PSYoungGen      total 68608K, used 0K [0x00000000e0000000, 0x00000000e8500000, 0x0000000100000000)
  eden space 59904K, 0% used [0x00000000e0000000,0x00000000e0000000,0x00000000e3a80000)
  from space 8704K, 0% used [0x00000000e3a80000,0x00000000e3a80000,0x00000000e4300000)
  to   space 8192K, 0% used [0x00000000e7d00000,0x00000000e7d00000,0x00000000e8500000)
 ParOldGen       total 29184K, used 6508K [0x00000000a0000000, 0x00000000a1c80000, 0x00000000e0000000)
  object space 29184K, 22% used [0x00000000a0000000,0x00000000a065b218,0x00000000a1c80000)
 Metaspace       used 20586K, capacity 21064K, committed 21248K, reserved 1067008K
  class space    used 2860K, capacity 3037K, committed 3072K, reserved 1048576K
}
Event: 5,454 GC heap before
{Heap before GC invocations=9 (full 1):
 PSYoungGen      total 68608K, used 59904K [0x00000000e0000000, 0x00000000e8500000, 0x0000000100000000)
  eden space 59904K, 100% used [0x00000000e0000000,0x00000000e3a80000,0x00000000e3a80000)
  from space 8704K, 0% used [0x00000000e3a80000,0x00000000e3a80000,0x00000000e4300000)
  to   space 8192K, 0% used [0x00000000e7d00000,0x00000000e7d00000,0x00000000e8500000)
 ParOldGen       total 29184K, used 6508K [0x00000000a0000000, 0x00000000a1c80000, 0x00000000e0000000)
  object space 29184K, 22% used [0x00000000a0000000,0x00000000a065b218,0x00000000a1c80000)
 Metaspace       used 25311K, capacity 25856K, committed 26240K, reserved 1071104K
  class space    used 3460K, capacity 3665K, committed 3712K, reserved 1048576K
Event: 5,466 GC heap after
Heap after GC invocations=9 (full 1):
 PSYoungGen      total 112640K, used 6678K [0x00000000e0000000, 0x00000000e8400000, 0x0000000100000000)
  eden space 105472K, 0% used [0x00000000e0000000,0x00000000e0000000,0x00000000e6700000)
  from space 7168K, 93% used [0x00000000e7d00000,0x00000000e8385ac8,0x00000000e8400000)
  to   space 8704K, 0% used [0x00000000e7300000,0x00000000e7300000,0x00000000e7b80000)
 ParOldGen       total 29184K, used 6508K [0x00000000a0000000, 0x00000000a1c80000, 0x00000000e0000000)
  object space 29184K, 22% used [0x00000000a0000000,0x00000000a065b218,0x00000000a1c80000)
 Metaspace       used 25311K, capacity 25856K, committed 26240K, reserved 1071104K
  class space    used 3460K, capacity 3665K, committed 3712K, reserved 1048576K
}
Event: 7,462 GC heap before
{Heap before GC invocations=10 (full 1):
 PSYoungGen      total 112640K, used 112149K [0x00000000e0000000, 0x00000000e8400000, 0x0000000100000000)
  eden space 105472K, 99% used [0x00000000e0000000,0x00000000e66ffad8,0x00000000e6700000)
  from space 7168K, 93% used [0x00000000e7d00000,0x00000000e8385ac8,0x00000000e8400000)
  to   space 8704K, 0% used [0x00000000e7300000,0x00000000e7300000,0x00000000e7b80000)
 ParOldGen       total 29184K, used 6508K [0x00000000a0000000, 0x00000000a1c80000, 0x00000000e0000000)
  object space 29184K, 22% used [0x00000000a0000000,0x00000000a065b218,0x00000000a1c80000)
 Metaspace       used 30570K, capacity 31178K, committed 31488K, reserved 1077248K
  class space    used 4159K, capacity 4350K, committed 4352K, reserved 1048576K

