# JRE version: OpenJDK Runtime Environment (8.0_152-b01) (build 1.8.0_152-release-915-b01)
# Java VM: OpenJDK 64-Bit Server VM (25.152-b01 mixed mode linux-amd64 compressed oops)
Heap:
 PSYoungGen      total 308224K, used 1120K [0x00000000e0000000, 0x00000000f4880000, 0x0000000100000000)
  eden space 287232K, 0% used [0x00000000e0000000,0x00000000e0000000,0x00000000f1880000)
  from space 20992K, 5% used [0x00000000f1f80000,0x00000000f2098010,0x00000000f3400000)
  to   space 14336K, 0% used [0x00000000f3a80000,0x00000000f3a80000,0x00000000f4880000)
 ParOldGen       total 75776K, used 42018K [0x00000000a0000000, 0x00000000a4a00000, 0x00000000e0000000)
  object space 75776K, 55% used [0x00000000a0000000,0x00000000a2908bb8,0x00000000a4a00000)
 Metaspace       used 63591K, capacity 65590K, committed 65752K, reserved 1105920K
  class space    used 8469K, capacity 8948K, committed 8960K, reserved 1048576K
GC Heap History (10 events):
Event: 8,662 GC heap after
Heap after GC invocations=13 (full 2):
 PSYoungGen      total 174592K, used 10221K [0x00000000e0000000, 0x00000000efb00000, 0x0000000100000000)
  eden space 164352K, 0% used [0x00000000e0000000,0x00000000e0000000,0x00000000ea080000)
  from space 10240K, 99% used [0x00000000ea080000,0x00000000eaa7b4f0,0x00000000eaa80000)
  to   space 14336K, 0% used [0x00000000eed00000,0x00000000eed00000,0x00000000efb00000)
 ParOldGen       total 42496K, used 22086K [0x00000000a0000000, 0x00000000a2980000, 0x00000000e0000000)
  object space 42496K, 51% used [0x00000000a0000000,0x00000000a1591b38,0x00000000a2980000)
 Metaspace       used 46600K, capacity 47554K, committed 47832K, reserved 1091584K
  class space    used 6250K, capacity 6556K, committed 6656K, reserved 1048576K
}
Event: 11,639 GC heap before
{Heap before GC invocations=14 (full 2):
 PSYoungGen      total 174592K, used 174573K [0x00000000e0000000, 0x00000000efb00000, 0x0000000100000000)
  eden space 164352K, 100% used [0x00000000e0000000,0x00000000ea080000,0x00000000ea080000)
  from space 10240K, 99% used [0x00000000ea080000,0x00000000eaa7b4f0,0x00000000eaa80000)
  to   space 14336K, 0% used [0x00000000eed00000,0x00000000eed00000,0x00000000efb00000)
 ParOldGen       total 42496K, used 22086K [0x00000000a0000000, 0x00000000a2980000, 0x00000000e0000000)
  object space 42496K, 51% used [0x00000000a0000000,0x00000000a1591b38,0x00000000a2980000)
 Metaspace       used 55105K, capacity 56800K, committed 57048K, reserved 1097728K
  class space    used 7448K, capacity 7871K, committed 7936K, reserved 1048576K
Event: 11,672 GC heap after
Heap after GC invocations=14 (full 2):
 PSYoungGen      total 236544K, used 14315K [0x00000000e0000000, 0x00000000f0200000, 0x0000000100000000)
  eden space 222208K, 0% used [0x00000000e0000000,0x00000000e0000000,0x00000000ed900000)
  from space 14336K, 99% used [0x00000000eed00000,0x00000000efafacb8,0x00000000efb00000)
  to   space 20480K, 0% used [0x00000000ed900000,0x00000000ed900000,0x00000000eed00000)
 ParOldGen       total 42496K, used 33263K [0x00000000a0000000, 0x00000000a2980000, 0x00000000e0000000)
  object space 42496K, 78% used [0x00000000a0000000,0x00000000a207bf18,0x00000000a2980000)
 Metaspace       used 55105K, capacity 56800K, committed 57048K, reserved 1097728K
  class space    used 7448K, capacity 7871K, committed 7936K, reserved 1048576K
}
Event: 12,424 GC heap before
{Heap before GC invocations=15 (full 2):
 PSYoungGen      total 236544K, used 79477K [0x00000000e0000000, 0x00000000f0200000, 0x0000000100000000)
  eden space 222208K, 29% used [0x00000000e0000000,0x00000000e3fa2918,0x00000000ed900000)
  from space 14336K, 99% used [0x00000000eed00000,0x00000000efafacb8,0x00000000efb00000)
  to   space 20480K, 0% used [0x00000000ed900000,0x00000000ed900000,0x00000000eed00000)
 ParOldGen       total 42496K, used 33263K [0x00000000a0000000, 0x00000000a2980000, 0x00000000e0000000)
  object space 42496K, 78% used [0x00000000a0000000,0x00000000a207bf18,0x00000000a2980000)
 Metaspace       used 57221K, capacity 58910K, committed 59028K, reserved 1099776K
  class space    used 7746K, capacity 8166K, committed 8192K, reserved 1048576K
Event: 12,457 GC heap after
Heap after GC invocations=15 (full 2):
 PSYoungGen      total 242688K, used 4332K [0x00000000e0000000, 0x00000000f4e00000, 0x0000000100000000)
  eden space 222208K, 0% used [0x00000000e0000000,0x00000000e0000000,0x00000000ed900000)
  from space 20480K, 21% used [0x00000000ed900000,0x00000000edd3b308,0x00000000eed00000)
  to   space 19968K, 0% used [0x00000000f3a80000,0x00000000f3a80000,0x00000000f4e00000)
 ParOldGen       total 42496K, used 41021K [0x00000000a0000000, 0x00000000a2980000, 0x00000000e0000000)
  object space 42496K, 96% used [0x00000000a0000000,0x00000000a280f5d8,0x00000000a2980000)
 Metaspace       used 57221K, capacity 58910K, committed 59028K, reserved 1099776K
  class space    used 7746K, capacity 8166K, committed 8192K, reserved 1048576K
}
Event: 12,457 GC heap before
{Heap before GC invocations=16 (full 3):
 PSYoungGen      total 242688K, used 4332K [0x00000000e0000000, 0x00000000f4e00000, 0x0000000100000000)
  eden space 222208K, 0% used [0x00000000e0000000,0x00000000e0000000,0x00000000ed900000)
  from space 20480K, 21% used [0x00000000ed900000,0x00000000edd3b308,0x00000000eed00000)
  to   space 19968K, 0% used [0x00000000f3a80000,0x00000000f3a80000,0x00000000f4e00000)
 ParOldGen       total 42496K, used 41021K [0x00000000a0000000, 0x00000000a2980000, 0x00000000e0000000)
  object space 42496K, 96% used [0x00000000a0000000,0x00000000a280f5d8,0x00000000a2980000)
 Metaspace       used 57221K, capacity 58910K, committed 59028K, reserved 1099776K
  class space    used 7746K, capacity 8166K, committed 8192K, reserved 1048576K
Event: 12,751 GC heap after
Heap after GC invocations=16 (full 3):
 PSYoungGen      total 242688K, used 0K [0x00000000e0000000, 0x00000000f4e00000, 0x0000000100000000)
  eden space 222208K, 0% used [0x00000000e0000000,0x00000000e0000000,0x00000000ed900000)
  from space 20480K, 0% used [0x00000000ed900000,0x00000000ed900000,0x00000000eed00000)
  to   space 19968K, 0% used [0x00000000f3a80000,0x00000000f3a80000,0x00000000f4e00000)
 ParOldGen       total 75776K, used 35704K [0x00000000a0000000, 0x00000000a4a00000, 0x00000000e0000000)
  object space 75776K, 47% used [0x00000000a0000000,0x00000000a22de2e8,0x00000000a4a00000)
 Metaspace       used 57221K, capacity 58910K, committed 59028K, reserved 1099776K
  class space    used 7746K, capacity 8166K, committed 8192K, reserved 1048576K
}
Event: 16,793 GC heap before
{Heap before GC invocations=17 (full 3):
 PSYoungGen      total 242688K, used 222208K [0x00000000e0000000, 0x00000000f4e00000, 0x0000000100000000)
  eden space 222208K, 100% used [0x00000000e0000000,0x00000000ed900000,0x00000000ed900000)
  from space 20480K, 0% used [0x00000000ed900000,0x00000000ed900000,0x00000000eed00000)
  to   space 19968K, 0% used [0x00000000f3a80000,0x00000000f3a80000,0x00000000f4e00000)
 ParOldGen       total 75776K, used 35704K [0x00000000a0000000, 0x00000000a4a00000, 0x00000000e0000000)
  object space 75776K, 47% used [0x00000000a0000000,0x00000000a22de2e8,0x00000000a4a00000)
 Metaspace       used 63238K, capacity 65326K, committed 65496K, reserved 1105920K
  class space    used 8456K, capacity 8948K, committed 8960K, reserved 1048576K
Event: 16,817 GC heap after
Heap after GC invocations=17 (full 3):
 PSYoungGen      total 301568K, used 14008K [0x00000000e0000000, 0x00000000f4880000, 0x0000000100000000)
  eden space 287232K, 0% used [0x00000000e0000000,0x00000000e0000000,0x00000000f1880000)
  from space 14336K, 97% used [0x00000000f3a80000,0x00000000f482e268,0x00000000f4880000)
  to   space 20992K, 0% used [0x00000000f1f80000,0x00000000f1f80000,0x00000000f3400000)
 ParOldGen       total 75776K, used 35712K [0x00000000a0000000, 0x00000000a4a00000, 0x00000000e0000000)
  object space 75776K, 47% used [0x00000000a0000000,0x00000000a22e02e8,0x00000000a4a00000)
 Metaspace       used 63238K, capacity 65326K, committed 65496K, reserved 1105920K
  class space    used 8456K, capacity 8948K, committed 8960K, reserved 1048576K
}
Event: 18,934 GC heap before
{Heap before GC invocations=18 (full 3):
 PSYoungGen      total 301568K, used 301240K [0x00000000e0000000, 0x00000000f4880000, 0x0000000100000000)
  eden space 287232K, 100% used [0x00000000e0000000,0x00000000f1880000,0x00000000f1880000)
  from space 14336K, 97% used [0x00000000f3a80000,0x00000000f482e268,0x00000000f4880000)
  to   space 20992K, 0% used [0x00000000f1f80000,0x00000000f1f80000,0x00000000f3400000)
 ParOldGen       total 75776K, used 35712K [0x00000000a0000000, 0x00000000a4a00000, 0x00000000e0000000)
  object space 75776K, 47% used [0x00000000a0000000,0x00000000a22e02e8,0x00000000a4a00000)
 Metaspace       used 63591K, capacity 65590K, committed 65752K, reserved 1105920K
  class space    used 8469K, capacity 8948K, committed 8960K, reserved 1048576K

