# JRE version: OpenJDK Runtime Environment (8.0_152-b01) (build 1.8.0_152-release-915-b01)
# Java VM: OpenJDK 64-Bit Server VM (25.152-b01 mixed mode linux-amd64 compressed oops)
Heap:
 PSYoungGen      total 310784K, used 20476K [0x00000000e0000000, 0x00000000f5100000, 0x0000000100000000)
  eden space 290304K, 0% used [0x00000000e0000000,0x00000000e0000000,0x00000000f1b80000)
  from space 20480K, 99% used [0x00000000f2900000,0x00000000f3cff068,0x00000000f3d00000)
  to   space 13824K, 0% used [0x00000000f4380000,0x00000000f4380000,0x00000000f5100000)
 ParOldGen       total 75264K, used 41573K [0x00000000a0000000, 0x00000000a4980000, 0x00000000e0000000)
  object space 75264K, 55% used [0x00000000a0000000,0x00000000a28994a0,0x00000000a4980000)
 Metaspace       used 68464K, capacity 71313K, committed 71384K, reserved 1112064K
  class space    used 9081K, capacity 9700K, committed 9728K, reserved 1048576K
GC Heap History (10 events):
Event: 8,771 GC heap after
Heap after GC invocations=13 (full 2):
 PSYoungGen      total 172544K, used 10225K [0x00000000e0000000, 0x00000000efe00000, 0x0000000100000000)
  eden space 162304K, 0% used [0x00000000e0000000,0x00000000e0000000,0x00000000e9e80000)
  from space 10240K, 99% used [0x00000000e9e80000,0x00000000ea87c500,0x00000000ea880000)
  to   space 14336K, 0% used [0x00000000ef000000,0x00000000ef000000,0x00000000efe00000)
 ParOldGen       total 43008K, used 22288K [0x00000000a0000000, 0x00000000a2a00000, 0x00000000e0000000)
  object space 43008K, 51% used [0x00000000a0000000,0x00000000a15c42f8,0x00000000a2a00000)
 Metaspace       used 46649K, capacity 47618K, committed 47832K, reserved 1091584K
  class space    used 6252K, capacity 6556K, committed 6656K, reserved 1048576K
}
Event: 11,587 GC heap before
{Heap before GC invocations=14 (full 2):
 PSYoungGen      total 172544K, used 172529K [0x00000000e0000000, 0x00000000efe00000, 0x0000000100000000)
  eden space 162304K, 100% used [0x00000000e0000000,0x00000000e9e80000,0x00000000e9e80000)
  from space 10240K, 99% used [0x00000000e9e80000,0x00000000ea87c500,0x00000000ea880000)
  to   space 14336K, 0% used [0x00000000ef000000,0x00000000ef000000,0x00000000efe00000)
 ParOldGen       total 43008K, used 22288K [0x00000000a0000000, 0x00000000a2a00000, 0x00000000e0000000)
  object space 43008K, 51% used [0x00000000a0000000,0x00000000a15c42f8,0x00000000a2a00000)
 Metaspace       used 55152K, capacity 56864K, committed 57048K, reserved 1097728K
  class space    used 7448K, capacity 7871K, committed 7936K, reserved 1048576K
Event: 11,621 GC heap after
Heap after GC invocations=14 (full 2):
 PSYoungGen      total 239616K, used 14333K [0x00000000e0000000, 0x00000000f0600000, 0x0000000100000000)
  eden space 225280K, 0% used [0x00000000e0000000,0x00000000e0000000,0x00000000edc00000)
  from space 14336K, 99% used [0x00000000ef000000,0x00000000efdff6c0,0x00000000efe00000)
  to   space 20480K, 0% used [0x00000000edc00000,0x00000000edc00000,0x00000000ef000000)
 ParOldGen       total 43008K, used 32925K [0x00000000a0000000, 0x00000000a2a00000, 0x00000000e0000000)
  object space 43008K, 76% used [0x00000000a0000000,0x00000000a20277a8,0x00000000a2a00000)
 Metaspace       used 55152K, capacity 56864K, committed 57048K, reserved 1097728K
  class space    used 7448K, capacity 7871K, committed 7936K, reserved 1048576K
}
Event: 12,556 GC heap before
{Heap before GC invocations=15 (full 2):
 PSYoungGen      total 239616K, used 91068K [0x00000000e0000000, 0x00000000f0600000, 0x0000000100000000)
  eden space 225280K, 34% used [0x00000000e0000000,0x00000000e4aefbe8,0x00000000edc00000)
  from space 14336K, 99% used [0x00000000ef000000,0x00000000efdff6c0,0x00000000efe00000)
  to   space 20480K, 0% used [0x00000000edc00000,0x00000000edc00000,0x00000000ef000000)
 ParOldGen       total 43008K, used 32925K [0x00000000a0000000, 0x00000000a2a00000, 0x00000000e0000000)
  object space 43008K, 76% used [0x00000000a0000000,0x00000000a20277a8,0x00000000a2a00000)
 Metaspace       used 57247K, capacity 58910K, committed 59028K, reserved 1099776K
  class space    used 7744K, capacity 8166K, committed 8192K, reserved 1048576K
Event: 12,577 GC heap after
Heap after GC invocations=15 (full 2):
 PSYoungGen      total 245760K, used 5012K [0x00000000e0000000, 0x00000000f5680000, 0x0000000100000000)
  eden space 225280K, 0% used [0x00000000e0000000,0x00000000e0000000,0x00000000edc00000)
  from space 20480K, 24% used [0x00000000edc00000,0x00000000ee0e5170,0x00000000ef000000)
  to   space 19456K, 0% used [0x00000000f4380000,0x00000000f4380000,0x00000000f5680000)
 ParOldGen       total 43008K, used 40123K [0x00000000a0000000, 0x00000000a2a00000, 0x00000000e0000000)
  object space 43008K, 93% used [0x00000000a0000000,0x00000000a272ee28,0x00000000a2a00000)
 Metaspace       used 57247K, capacity 58910K, committed 59028K, reserved 1099776K
  class space    used 7744K, capacity 8166K, committed 8192K, reserved 1048576K
}
Event: 12,577 GC heap before
{Heap before GC invocations=16 (full 3):
 PSYoungGen      total 245760K, used 5012K [0x00000000e0000000, 0x00000000f5680000, 0x0000000100000000)
  eden space 225280K, 0% used [0x00000000e0000000,0x00000000e0000000,0x00000000edc00000)
  from space 20480K, 24% used [0x00000000edc00000,0x00000000ee0e5170,0x00000000ef000000)
  to   space 19456K, 0% used [0x00000000f4380000,0x00000000f4380000,0x00000000f5680000)
 ParOldGen       total 43008K, used 40123K [0x00000000a0000000, 0x00000000a2a00000, 0x00000000e0000000)
  object space 43008K, 93% used [0x00000000a0000000,0x00000000a272ee28,0x00000000a2a00000)
 Metaspace       used 57247K, capacity 58910K, committed 59028K, reserved 1099776K
  class space    used 7744K, capacity 8166K, committed 8192K, reserved 1048576K
Event: 12,857 GC heap after
Heap after GC invocations=16 (full 3):
 PSYoungGen      total 245760K, used 0K [0x00000000e0000000, 0x00000000f5680000, 0x0000000100000000)
  eden space 225280K, 0% used [0x00000000e0000000,0x00000000e0000000,0x00000000edc00000)
  from space 20480K, 0% used [0x00000000edc00000,0x00000000edc00000,0x00000000ef000000)
  to   space 19456K, 0% used [0x00000000f4380000,0x00000000f4380000,0x00000000f5680000)
 ParOldGen       total 75264K, used 35810K [0x00000000a0000000, 0x00000000a4980000, 0x00000000e0000000)
  object space 75264K, 47% used [0x00000000a0000000,0x00000000a22f8b80,0x00000000a4980000)
 Metaspace       used 57247K, capacity 58910K, committed 59028K, reserved 1099776K
  class space    used 7744K, capacity 8166K, committed 8192K, reserved 1048576K
}
Event: 16,971 GC heap before
{Heap before GC invocations=17 (full 3):
 PSYoungGen      total 245760K, used 224623K [0x00000000e0000000, 0x00000000f5680000, 0x0000000100000000)
  eden space 225280K, 99% used [0x00000000e0000000,0x00000000edb5bec8,0x00000000edc00000)
  from space 20480K, 0% used [0x00000000edc00000,0x00000000edc00000,0x00000000ef000000)
  to   space 19456K, 0% used [0x00000000f4380000,0x00000000f4380000,0x00000000f5680000)
 ParOldGen       total 75264K, used 35810K [0x00000000a0000000, 0x00000000a4980000, 0x00000000e0000000)
  object space 75264K, 47% used [0x00000000a0000000,0x00000000a22f8b80,0x00000000a4980000)
 Metaspace       used 62389K, capacity 64705K, committed 64856K, reserved 1105920K
  class space    used 8463K, capacity 8992K, committed 9088K, reserved 1048576K
Event: 16,986 GC heap after
Heap after GC invocations=17 (full 3):
 PSYoungGen      total 304128K, used 13399K [0x00000000e0000000, 0x00000000f5100000, 0x0000000100000000)
  eden space 290304K, 0% used [0x00000000e0000000,0x00000000e0000000,0x00000000f1b80000)
  from space 13824K, 96% used [0x00000000f4380000,0x00000000f5095ce8,0x00000000f5100000)
  to   space 20480K, 0% used [0x00000000f2900000,0x00000000f2900000,0x00000000f3d00000)
 ParOldGen       total 75264K, used 35818K [0x00000000a0000000, 0x00000000a4980000, 0x00000000e0000000)
  object space 75264K, 47% used [0x00000000a0000000,0x00000000a22fab80,0x00000000a4980000)
 Metaspace       used 62389K, capacity 64705K, committed 64856K, reserved 1105920K
  class space    used 8463K, capacity 8992K, committed 9088K, reserved 1048576K
}
Event: 131,627 GC heap before
{Heap before GC invocations=18 (full 3):
 PSYoungGen      total 304128K, used 303494K [0x00000000e0000000, 0x00000000f5100000, 0x0000000100000000)
  eden space 290304K, 99% used [0x00000000e0000000,0x00000000f1b4bce0,0x00000000f1b80000)
  from space 13824K, 96% used [0x00000000f4380000,0x00000000f5095ce8,0x00000000f5100000)
  to   space 20480K, 0% used [0x00000000f2900000,0x00000000f2900000,0x00000000f3d00000)
 ParOldGen       total 75264K, used 35818K [0x00000000a0000000, 0x00000000a4980000, 0x00000000e0000000)
  object space 75264K, 47% used [0x00000000a0000000,0x00000000a22fab80,0x00000000a4980000)
 Metaspace       used 68464K, capacity 71313K, committed 71384K, reserved 1112064K
  class space    used 9081K, capacity 9700K, committed 9728K, reserved 1048576K

