# JRE version: OpenJDK Runtime Environment (8.0_152-b01) (build 1.8.0_152-release-915-b01)
# Java VM: OpenJDK 64-Bit Server VM (25.152-b01 mixed mode linux-amd64 compressed oops)
Heap:
 PSYoungGen      total 127488K, used 9709K [0x00000000e0000000, 0x00000000e8980000, 0x0000000100000000)
  eden space 117760K, 0% used [0x00000000e0000000,0x00000000e0000000,0x00000000e7300000)
  from space 9728K, 99% used [0x00000000e8000000,0x00000000e897b788,0x00000000e8980000)
  to   space 8704K, 0% used [0x00000000e7300000,0x00000000e7300000,0x00000000e7b80000)
 ParOldGen       total 32256K, used 6788K [0x00000000a0000000, 0x00000000a1f80000, 0x00000000e0000000)
  object space 32256K, 21% used [0x00000000a0000000,0x00000000a06a1008,0x00000000a1f80000)
 Metaspace       used 34496K, capacity 35196K, committed 35416K, reserved 1079296K
  class space    used 4684K, capacity 4930K, committed 4992K, reserved 1048576K
GC Heap History (10 events):
Event: 2,844 GC heap after
Heap after GC invocations=6 (full 0):
 PSYoungGen      total 67072K, used 7161K [0x00000000e0000000, 0x00000000e4d00000, 0x0000000100000000)
  eden space 59904K, 0% used [0x00000000e0000000,0x00000000e0000000,0x00000000e3a80000)
  from space 7168K, 99% used [0x00000000e4300000,0x00000000e49fe730,0x00000000e4a00000)
  to   space 8704K, 0% used [0x00000000e3a80000,0x00000000e3a80000,0x00000000e4300000)
 ParOldGen       total 40960K, used 7264K [0x00000000a0000000, 0x00000000a2800000, 0x00000000e0000000)
  object space 40960K, 17% used [0x00000000a0000000,0x00000000a0718268,0x00000000a2800000)
 Metaspace       used 20277K, capacity 20744K, committed 20992K, reserved 1067008K
  class space    used 2827K, capacity 2973K, committed 3072K, reserved 1048576K
}
Event: 2,903 GC heap before
{Heap before GC invocations=7 (full 0):
 PSYoungGen      total 67072K, used 9600K [0x00000000e0000000, 0x00000000e4d00000, 0x0000000100000000)
  eden space 59904K, 4% used [0x00000000e0000000,0x00000000e0261a60,0x00000000e3a80000)
  from space 7168K, 99% used [0x00000000e4300000,0x00000000e49fe730,0x00000000e4a00000)
  to   space 8704K, 0% used [0x00000000e3a80000,0x00000000e3a80000,0x00000000e4300000)
 ParOldGen       total 40960K, used 7264K [0x00000000a0000000, 0x00000000a2800000, 0x00000000e0000000)
  object space 40960K, 17% used [0x00000000a0000000,0x00000000a0718268,0x00000000a2800000)
 Metaspace       used 20585K, capacity 21064K, committed 21248K, reserved 1067008K
  class space    used 2865K, capacity 3037K, committed 3072K, reserved 1048576K
Event: 2,910 GC heap after
Heap after GC invocations=7 (full 0):
 PSYoungGen      total 68608K, used 4362K [0x00000000e0000000, 0x00000000e8500000, 0x0000000100000000)
  eden space 59904K, 0% used [0x00000000e0000000,0x00000000e0000000,0x00000000e3a80000)
  from space 8704K, 50% used [0x00000000e3a80000,0x00000000e3ec2a28,0x00000000e4300000)
  to   space 8192K, 0% used [0x00000000e7d00000,0x00000000e7d00000,0x00000000e8500000)
 ParOldGen       total 40960K, used 7888K [0x00000000a0000000, 0x00000000a2800000, 0x00000000e0000000)
  object space 40960K, 19% used [0x00000000a0000000,0x00000000a07b42a8,0x00000000a2800000)
 Metaspace       used 20585K, capacity 21064K, committed 21248K, reserved 1067008K
  class space    used 2865K, capacity 3037K, committed 3072K, reserved 1048576K
}
Event: 2,910 GC heap before
{Heap before GC invocations=8 (full 1):
 PSYoungGen      total 68608K, used 4362K [0x00000000e0000000, 0x00000000e8500000, 0x0000000100000000)
  eden space 59904K, 0% used [0x00000000e0000000,0x00000000e0000000,0x00000000e3a80000)
  from space 8704K, 50% used [0x00000000e3a80000,0x00000000e3ec2a28,0x00000000e4300000)
  to   space 8192K, 0% used [0x00000000e7d00000,0x00000000e7d00000,0x00000000e8500000)
 ParOldGen       total 40960K, used 7888K [0x00000000a0000000, 0x00000000a2800000, 0x00000000e0000000)
  object space 40960K, 19% used [0x00000000a0000000,0x00000000a07b42a8,0x00000000a2800000)
 Metaspace       used 20585K, capacity 21064K, committed 21248K, reserved 1067008K
  class space    used 2865K, capacity 3037K, committed 3072K, reserved 1048576K
Event: 3,002 GC heap after
Heap after GC invocations=8 (full 1):
 PSYoungGen      total 68608K, used 0K [0x00000000e0000000, 0x00000000e8500000, 0x0000000100000000)
  eden space 59904K, 0% used [0x00000000e0000000,0x00000000e0000000,0x00000000e3a80000)
  from space 8704K, 0% used [0x00000000e3a80000,0x00000000e3a80000,0x00000000e4300000)
  to   space 8192K, 0% used [0x00000000e7d00000,0x00000000e7d00000,0x00000000e8500000)
 ParOldGen       total 32256K, used 6574K [0x00000000a0000000, 0x00000000a1f80000, 0x00000000e0000000)
  object space 32256K, 20% used [0x00000000a0000000,0x00000000a066b918,0x00000000a1f80000)
 Metaspace       used 20585K, capacity 21064K, committed 21248K, reserved 1067008K
  class space    used 2865K, capacity 3037K, committed 3072K, reserved 1048576K
}
Event: 4,337 GC heap before
{Heap before GC invocations=9 (full 1):
 PSYoungGen      total 68608K, used 59740K [0x00000000e0000000, 0x00000000e8500000, 0x0000000100000000)
  eden space 59904K, 99% used [0x00000000e0000000,0x00000000e3a571e0,0x00000000e3a80000)
  from space 8704K, 0% used [0x00000000e3a80000,0x00000000e3a80000,0x00000000e4300000)
  to   space 8192K, 0% used [0x00000000e7d00000,0x00000000e7d00000,0x00000000e8500000)
 ParOldGen       total 32256K, used 6574K [0x00000000a0000000, 0x00000000a1f80000, 0x00000000e0000000)
  object space 32256K, 20% used [0x00000000a0000000,0x00000000a066b918,0x00000000a1f80000)
 Metaspace       used 24850K, capacity 25440K, committed 25728K, reserved 1071104K
  class space    used 3452K, capacity 3633K, committed 3712K, reserved 1048576K
Event: 4,369 GC heap after
Heap after GC invocations=9 (full 1):
 PSYoungGen      total 100352K, used 6859K [0x00000000e0000000, 0x00000000e8400000, 0x0000000100000000)
  eden space 93184K, 0% used [0x00000000e0000000,0x00000000e0000000,0x00000000e5b00000)
  from space 7168K, 95% used [0x00000000e7d00000,0x00000000e83b2f90,0x00000000e8400000)
  to   space 8704K, 0% used [0x00000000e7300000,0x00000000e7300000,0x00000000e7b80000)
 ParOldGen       total 32256K, used 6582K [0x00000000a0000000, 0x00000000a1f80000, 0x00000000e0000000)
  object space 32256K, 20% used [0x00000000a0000000,0x00000000a066d918,0x00000000a1f80000)
 Metaspace       used 24850K, capacity 25440K, committed 25728K, reserved 1071104K
  class space    used 3452K, capacity 3633K, committed 3712K, reserved 1048576K
}
Event: 5,950 GC heap before
{Heap before GC invocations=10 (full 1):
 PSYoungGen      total 100352K, used 100043K [0x00000000e0000000, 0x00000000e8400000, 0x0000000100000000)
  eden space 93184K, 100% used [0x00000000e0000000,0x00000000e5b00000,0x00000000e5b00000)
  from space 7168K, 95% used [0x00000000e7d00000,0x00000000e83b2f90,0x00000000e8400000)
  to   space 8704K, 0% used [0x00000000e7300000,0x00000000e7300000,0x00000000e7b80000)
 ParOldGen       total 32256K, used 6582K [0x00000000a0000000, 0x00000000a1f80000, 0x00000000e0000000)
  object space 32256K, 20% used [0x00000000a0000000,0x00000000a066d918,0x00000000a1f80000)
 Metaspace       used 30101K, capacity 30634K, committed 30976K, reserved 1075200K
  class space    used 4098K, capacity 4318K, committed 4352K, reserved 1048576K
Event: 5,962 GC heap after
Heap after GC invocations=10 (full 1):
 PSYoungGen      total 126464K, used 8501K [0x00000000e0000000, 0x00000000e8980000, 0x0000000100000000)
  eden space 117760K, 0% used [0x00000000e0000000,0x00000000e0000000,0x00000000e7300000)
  from space 8704K, 97% used [0x00000000e7300000,0x00000000e7b4d628,0x00000000e7b80000)
  to   space 9728K, 0% used [0x00000000e8000000,0x00000000e8000000,0x00000000e8980000)
 ParOldGen       total 32256K, used 6590K [0x00000000a0000000, 0x00000000a1f80000, 0x00000000e0000000)
  object space 32256K, 20% used [0x00000000a0000000,0x00000000a066f918,0x00000000a1f80000)
 Metaspace       used 30101K, capacity 30634K, committed 30976K, reserved 1075200K
  class space    used 4098K, capacity 4318K, committed 4352K, reserved 1048576K
}
Event: 8,887 GC heap before
{Heap before GC invocations=11 (full 1):
 PSYoungGen      total 126464K, used 48906K [0x00000000e0000000, 0x00000000e8980000, 0x0000000100000000)
  eden space 117760K, 34% used [0x00000000e0000000,0x00000000e2775288,0x00000000e7300000)
  from space 8704K, 97% used [0x00000000e7300000,0x00000000e7b4d628,0x00000000e7b80000)
  to   space 9728K, 0% used [0x00000000e8000000,0x00000000e8000000,0x00000000e8980000)
 ParOldGen       total 32256K, used 6590K [0x00000000a0000000, 0x00000000a1f80000, 0x00000000e0000000)
  object space 32256K, 20% used [0x00000000a0000000,0x00000000a066f918,0x00000000a1f80000)
 Metaspace       used 34496K, capacity 35196K, committed 35416K, reserved 1079296K
  class space    used 4684K, capacity 4930K, committed 4992K, reserved 1048576K

