# JRE version: OpenJDK Runtime Environment (8.0_152-b01) (build 1.8.0_152-release-915-b01)
# Java VM: OpenJDK 64-Bit Server VM (25.152-b01 mixed mode linux-amd64 compressed oops)
Heap:
 PSYoungGen      total 283136K, used 6442K [0x00000000e0000000, 0x00000000f5e80000, 0x0000000100000000)
  eden space 207360K, 0% used [0x00000000e0000000,0x00000000e0000000,0x00000000eca80000)
  from space 75776K, 8% used [0x00000000eca80000,0x00000000ed0cab90,0x00000000f1480000)
  to   space 69120K, 0% used [0x00000000f1b00000,0x00000000f1b00000,0x00000000f5e80000)
 ParOldGen       total 162816K, used 59780K [0x00000000a0000000, 0x00000000a9f00000, 0x00000000e0000000)
  object space 162816K, 36% used [0x00000000a0000000,0x00000000a3a613f0,0x00000000a9f00000)
 Metaspace       used 68056K, capacity 69964K, committed 70272K, reserved 1112064K
  class space    used 7767K, capacity 8214K, committed 8320K, reserved 1048576K
GC Heap History (10 events):
Event: 12,735 GC heap after
Heap after GC invocations=14 (full 3):
 PSYoungGen      total 193536K, used 32020K [0x00000000e0000000, 0x00000000f1000000, 0x0000000100000000)
  eden space 148992K, 0% used [0x00000000e0000000,0x00000000e0000000,0x00000000e9180000)
  from space 44544K, 71% used [0x00000000e9180000,0x00000000eb0c52b0,0x00000000ebd00000)
  to   space 47104K, 0% used [0x00000000ee200000,0x00000000ee200000,0x00000000f1000000)
 ParOldGen       total 117248K, used 46466K [0x00000000a0000000, 0x00000000a7280000, 0x00000000e0000000)
  object space 117248K, 39% used [0x00000000a0000000,0x00000000a2d60830,0x00000000a7280000)
 Metaspace       used 56402K, capacity 57352K, committed 57728K, reserved 1099776K
  class space    used 6718K, capacity 6948K, committed 7040K, reserved 1048576K
}
Event: 15,368 GC heap before
{Heap before GC invocations=15 (full 3):
 PSYoungGen      total 193536K, used 181012K [0x00000000e0000000, 0x00000000f1000000, 0x0000000100000000)
  eden space 148992K, 100% used [0x00000000e0000000,0x00000000e9180000,0x00000000e9180000)
  from space 44544K, 71% used [0x00000000e9180000,0x00000000eb0c52b0,0x00000000ebd00000)
  to   space 47104K, 0% used [0x00000000ee200000,0x00000000ee200000,0x00000000f1000000)
 ParOldGen       total 117248K, used 46466K [0x00000000a0000000, 0x00000000a7280000, 0x00000000e0000000)
  object space 117248K, 39% used [0x00000000a0000000,0x00000000a2d60830,0x00000000a7280000)
 Metaspace       used 60875K, capacity 61978K, committed 62336K, reserved 1103872K
  class space    used 7163K, capacity 7435K, committed 7552K, reserved 1048576K
Event: 15,435 GC heap after
Heap after GC invocations=15 (full 3):
 PSYoungGen      total 218624K, used 47102K [0x00000000e0000000, 0x00000000f2980000, 0x0000000100000000)
  eden space 171520K, 0% used [0x00000000e0000000,0x00000000e0000000,0x00000000ea780000)
  from space 47104K, 99% used [0x00000000ee200000,0x00000000f0fffa18,0x00000000f1000000)
  to   space 59904K, 0% used [0x00000000ea780000,0x00000000ea780000,0x00000000ee200000)
 ParOldGen       total 117248K, used 60542K [0x00000000a0000000, 0x00000000a7280000, 0x00000000e0000000)
  object space 117248K, 51% used [0x00000000a0000000,0x00000000a3b1fa70,0x00000000a7280000)
 Metaspace       used 60875K, capacity 61978K, committed 62336K, reserved 1103872K
  class space    used 7163K, capacity 7435K, committed 7552K, reserved 1048576K
}
Event: 18,225 GC heap before
{Heap before GC invocations=16 (full 3):
 PSYoungGen      total 218624K, used 218622K [0x00000000e0000000, 0x00000000f2980000, 0x0000000100000000)
  eden space 171520K, 100% used [0x00000000e0000000,0x00000000ea780000,0x00000000ea780000)
  from space 47104K, 99% used [0x00000000ee200000,0x00000000f0fffa18,0x00000000f1000000)
  to   space 59904K, 0% used [0x00000000ea780000,0x00000000ea780000,0x00000000ee200000)
 ParOldGen       total 117248K, used 60542K [0x00000000a0000000, 0x00000000a7280000, 0x00000000e0000000)
  object space 117248K, 51% used [0x00000000a0000000,0x00000000a3b1fa70,0x00000000a7280000)
 Metaspace       used 63763K, capacity 65002K, committed 65280K, reserved 1107968K
  class space    used 7369K, capacity 7677K, committed 7680K, reserved 1048576K
Event: 18,307 GC heap after
Heap after GC invocations=16 (full 3):
 PSYoungGen      total 231424K, used 59877K [0x00000000e0000000, 0x00000000f6500000, 0x0000000100000000)
  eden space 171520K, 0% used [0x00000000e0000000,0x00000000e0000000,0x00000000ea780000)
  from space 59904K, 99% used [0x00000000ea780000,0x00000000ee1f9608,0x00000000ee200000)
  to   space 75776K, 0% used [0x00000000f1b00000,0x00000000f1b00000,0x00000000f6500000)
 ParOldGen       total 117248K, used 76013K [0x00000000a0000000, 0x00000000a7280000, 0x00000000e0000000)
  object space 117248K, 64% used [0x00000000a0000000,0x00000000a4a3b438,0x00000000a7280000)
 Metaspace       used 63763K, capacity 65002K, committed 65280K, reserved 1107968K
  class space    used 7369K, capacity 7677K, committed 7680K, reserved 1048576K
}
Event: 220,348 GC heap before
{Heap before GC invocations=17 (full 3):
 PSYoungGen      total 231424K, used 231397K [0x00000000e0000000, 0x00000000f6500000, 0x0000000100000000)
  eden space 171520K, 100% used [0x00000000e0000000,0x00000000ea780000,0x00000000ea780000)
  from space 59904K, 99% used [0x00000000ea780000,0x00000000ee1f9608,0x00000000ee200000)
  to   space 75776K, 0% used [0x00000000f1b00000,0x00000000f1b00000,0x00000000f6500000)
 ParOldGen       total 117248K, used 76013K [0x00000000a0000000, 0x00000000a7280000, 0x00000000e0000000)
  object space 117248K, 64% used [0x00000000a0000000,0x00000000a4a3b438,0x00000000a7280000)
 Metaspace       used 64879K, capacity 66218K, committed 66432K, reserved 1107968K
  class space    used 7446K, capacity 7776K, committed 7808K, reserved 1048576K
Event: 220,470 GC heap after
Heap after GC invocations=17 (full 3):
 PSYoungGen      total 276480K, used 41579K [0x00000000e0000000, 0x00000000f5e80000, 0x0000000100000000)
  eden space 207360K, 0% used [0x00000000e0000000,0x00000000e0000000,0x00000000eca80000)
  from space 69120K, 60% used [0x00000000f1b00000,0x00000000f439ad18,0x00000000f5e80000)
  to   space 75776K, 0% used [0x00000000eca80000,0x00000000eca80000,0x00000000f1480000)
 ParOldGen       total 117248K, used 117210K [0x00000000a0000000, 0x00000000a7280000, 0x00000000e0000000)
  object space 117248K, 99% used [0x00000000a0000000,0x00000000a7276ac8,0x00000000a7280000)
 Metaspace       used 64879K, capacity 66218K, committed 66432K, reserved 1107968K
  class space    used 7446K, capacity 7776K, committed 7808K, reserved 1048576K
}
Event: 220,470 GC heap before
{Heap before GC invocations=18 (full 4):
 PSYoungGen      total 276480K, used 41579K [0x00000000e0000000, 0x00000000f5e80000, 0x0000000100000000)
  eden space 207360K, 0% used [0x00000000e0000000,0x00000000e0000000,0x00000000eca80000)
  from space 69120K, 60% used [0x00000000f1b00000,0x00000000f439ad18,0x00000000f5e80000)
  to   space 75776K, 0% used [0x00000000eca80000,0x00000000eca80000,0x00000000f1480000)
 ParOldGen       total 117248K, used 117210K [0x00000000a0000000, 0x00000000a7280000, 0x00000000e0000000)
  object space 117248K, 99% used [0x00000000a0000000,0x00000000a7276ac8,0x00000000a7280000)
 Metaspace       used 64879K, capacity 66218K, committed 66432K, reserved 1107968K
  class space    used 7446K, capacity 7776K, committed 7808K, reserved 1048576K
Event: 220,723 GC heap after
Heap after GC invocations=18 (full 4):
 PSYoungGen      total 276480K, used 0K [0x00000000e0000000, 0x00000000f5e80000, 0x0000000100000000)
  eden space 207360K, 0% used [0x00000000e0000000,0x00000000e0000000,0x00000000eca80000)
  from space 69120K, 0% used [0x00000000f1b00000,0x00000000f1b00000,0x00000000f5e80000)
  to   space 75776K, 0% used [0x00000000eca80000,0x00000000eca80000,0x00000000f1480000)
 ParOldGen       total 162816K, used 59772K [0x00000000a0000000, 0x00000000a9f00000, 0x00000000e0000000)
  object space 162816K, 36% used [0x00000000a0000000,0x00000000a3a5f3f0,0x00000000a9f00000)
 Metaspace       used 64865K, capacity 66200K, committed 66432K, reserved 1107968K
  class space    used 7445K, capacity 7774K, committed 7808K, reserved 1048576K
}
Event: 223,657 GC heap before
{Heap before GC invocations=19 (full 4):
 PSYoungGen      total 276480K, used 207360K [0x00000000e0000000, 0x00000000f5e80000, 0x0000000100000000)
  eden space 207360K, 100% used [0x00000000e0000000,0x00000000eca80000,0x00000000eca80000)
  from space 69120K, 0% used [0x00000000f1b00000,0x00000000f1b00000,0x00000000f5e80000)
  to   space 75776K, 0% used [0x00000000eca80000,0x00000000eca80000,0x00000000f1480000)
 ParOldGen       total 162816K, used 59772K [0x00000000a0000000, 0x00000000a9f00000, 0x00000000e0000000)
  object space 162816K, 36% used [0x00000000a0000000,0x00000000a3a5f3f0,0x00000000a9f00000)
 Metaspace       used 68056K, capacity 69964K, committed 70272K, reserved 1112064K
  class space    used 7767K, capacity 8214K, committed 8320K, reserved 1048576K

