# JRE version: OpenJDK Runtime Environment (8.0_152-b01) (build 1.8.0_152-release-915-b01)
# Java VM: OpenJDK 64-Bit Server VM (25.152-b01 mixed mode linux-amd64 compressed oops)
Heap:
 PSYoungGen      total 64000K, used 2557K [0x00000000e0000000, 0x00000000e4100000, 0x0000000100000000)
  eden space 61440K, 0% used [0x00000000e0000000,0x00000000e0000000,0x00000000e3c00000)
  from space 2560K, 99% used [0x00000000e3c00000,0x00000000e3e7f508,0x00000000e3e80000)
  to   space 2560K, 0% used [0x00000000e3e80000,0x00000000e3e80000,0x00000000e4100000)
 ParOldGen       total 46080K, used 26940K [0x00000000a0000000, 0x00000000a2d00000, 0x00000000e0000000)
  object space 46080K, 58% used [0x00000000a0000000,0x00000000a1a4f170,0x00000000a2d00000)
 Metaspace       used 29609K, capacity 30130K, committed 30592K, reserved 1075200K
  class space    used 3739K, capacity 3875K, committed 3968K, reserved 1048576K
GC Heap History (10 events):
Event: 1,542 GC heap after
Heap after GC invocations=1 (full 0):
 PSYoungGen      total 17920K, used 2548K [0x00000000e0000000, 0x00000000e2300000, 0x0000000100000000)
  eden space 15360K, 0% used [0x00000000e0000000,0x00000000e0000000,0x00000000e0f00000)
  from space 2560K, 99% used [0x00000000e0f00000,0x00000000e117d148,0x00000000e1180000)
  to   space 2560K, 0% used [0x00000000e2080000,0x00000000e2080000,0x00000000e2300000)
 ParOldGen       total 40960K, used 753K [0x00000000a0000000, 0x00000000a2800000, 0x00000000e0000000)
  object space 40960K, 1% used [0x00000000a0000000,0x00000000a00bc4a8,0x00000000a2800000)
 Metaspace       used 9624K, capacity 9804K, committed 9856K, reserved 1058816K
  class space    used 1055K, capacity 1142K, committed 1152K, reserved 1048576K
}
Event: 2,144 GC heap before
{Heap before GC invocations=2 (full 0):
 PSYoungGen      total 17920K, used 17908K [0x00000000e0000000, 0x00000000e2300000, 0x0000000100000000)
  eden space 15360K, 100% used [0x00000000e0000000,0x00000000e0f00000,0x00000000e0f00000)
  from space 2560K, 99% used [0x00000000e0f00000,0x00000000e117d148,0x00000000e1180000)
  to   space 2560K, 0% used [0x00000000e2080000,0x00000000e2080000,0x00000000e2300000)
 ParOldGen       total 40960K, used 753K [0x00000000a0000000, 0x00000000a2800000, 0x00000000e0000000)
  object space 40960K, 1% used [0x00000000a0000000,0x00000000a00bc4a8,0x00000000a2800000)
 Metaspace       used 11971K, capacity 12220K, committed 12288K, reserved 1060864K
  class space    used 1364K, capacity 1470K, committed 1536K, reserved 1048576K
Event: 2,155 GC heap after
Heap after GC invocations=2 (full 0):
 PSYoungGen      total 33280K, used 2533K [0x00000000e0000000, 0x00000000e2300000, 0x0000000100000000)
  eden space 30720K, 0% used [0x00000000e0000000,0x00000000e0000000,0x00000000e1e00000)
  from space 2560K, 98% used [0x00000000e2080000,0x00000000e22f9730,0x00000000e2300000)
  to   space 2560K, 0% used [0x00000000e1e00000,0x00000000e1e00000,0x00000000e2080000)
 ParOldGen       total 40960K, used 3690K [0x00000000a0000000, 0x00000000a2800000, 0x00000000e0000000)
  object space 40960K, 9% used [0x00000000a0000000,0x00000000a039ab18,0x00000000a2800000)
 Metaspace       used 11971K, capacity 12220K, committed 12288K, reserved 1060864K
  class space    used 1364K, capacity 1470K, committed 1536K, reserved 1048576K
}
Event: 3,575 GC heap before
{Heap before GC invocations=3 (full 0):
 PSYoungGen      total 33280K, used 33253K [0x00000000e0000000, 0x00000000e2300000, 0x0000000100000000)
  eden space 30720K, 100% used [0x00000000e0000000,0x00000000e1e00000,0x00000000e1e00000)
  from space 2560K, 98% used [0x00000000e2080000,0x00000000e22f9730,0x00000000e2300000)
  to   space 2560K, 0% used [0x00000000e1e00000,0x00000000e1e00000,0x00000000e2080000)
 ParOldGen       total 40960K, used 3690K [0x00000000a0000000, 0x00000000a2800000, 0x00000000e0000000)
  object space 40960K, 9% used [0x00000000a0000000,0x00000000a039ab18,0x00000000a2800000)
 Metaspace       used 18107K, capacity 18432K, committed 18688K, reserved 1064960K
  class space    used 2139K, capacity 2230K, committed 2304K, reserved 1048576K
Event: 3,607 GC heap after
Heap after GC invocations=3 (full 0):
 PSYoungGen      total 33280K, used 2544K [0x00000000e0000000, 0x00000000e4100000, 0x0000000100000000)
  eden space 30720K, 0% used [0x00000000e0000000,0x00000000e0000000,0x00000000e1e00000)
  from space 2560K, 99% used [0x00000000e1e00000,0x00000000e207c010,0x00000000e2080000)
  to   space 2560K, 0% used [0x00000000e3e80000,0x00000000e3e80000,0x00000000e4100000)
 ParOldGen       total 40960K, used 10492K [0x00000000a0000000, 0x00000000a2800000, 0x00000000e0000000)
  object space 40960K, 25% used [0x00000000a0000000,0x00000000a0a3f328,0x00000000a2800000)
 Metaspace       used 18107K, capacity 18432K, committed 18688K, reserved 1064960K
  class space    used 2139K, capacity 2230K, committed 2304K, reserved 1048576K
}
Event: 4,126 GC heap before
{Heap before GC invocations=4 (full 0):
 PSYoungGen      total 33280K, used 15909K [0x00000000e0000000, 0x00000000e4100000, 0x0000000100000000)
  eden space 30720K, 43% used [0x00000000e0000000,0x00000000e0d0d670,0x00000000e1e00000)
  from space 2560K, 99% used [0x00000000e1e00000,0x00000000e207c010,0x00000000e2080000)
  to   space 2560K, 0% used [0x00000000e3e80000,0x00000000e3e80000,0x00000000e4100000)
 ParOldGen       total 40960K, used 10492K [0x00000000a0000000, 0x00000000a2800000, 0x00000000e0000000)
  object space 40960K, 25% used [0x00000000a0000000,0x00000000a0a3f328,0x00000000a2800000)
 Metaspace       used 20755K, capacity 21080K, committed 21296K, reserved 1069056K
  class space    used 2496K, capacity 2604K, committed 2688K, reserved 1048576K
Event: 4,146 GC heap after
Heap after GC invocations=4 (full 0):
 PSYoungGen      total 64000K, used 2533K [0x00000000e0000000, 0x00000000e4100000, 0x0000000100000000)
  eden space 61440K, 0% used [0x00000000e0000000,0x00000000e0000000,0x00000000e3c00000)
  from space 2560K, 98% used [0x00000000e3e80000,0x00000000e40f96d8,0x00000000e4100000)
  to   space 2560K, 0% used [0x00000000e3c00000,0x00000000e3c00000,0x00000000e3e80000)
 ParOldGen       total 40960K, used 13385K [0x00000000a0000000, 0x00000000a2800000, 0x00000000e0000000)
  object space 40960K, 32% used [0x00000000a0000000,0x00000000a0d12408,0x00000000a2800000)
 Metaspace       used 20755K, capacity 21080K, committed 21296K, reserved 1069056K
  class space    used 2496K, capacity 2604K, committed 2688K, reserved 1048576K
}
Event: 4,146 GC heap before
{Heap before GC invocations=5 (full 1):
 PSYoungGen      total 64000K, used 2533K [0x00000000e0000000, 0x00000000e4100000, 0x0000000100000000)
  eden space 61440K, 0% used [0x00000000e0000000,0x00000000e0000000,0x00000000e3c00000)
  from space 2560K, 98% used [0x00000000e3e80000,0x00000000e40f96d8,0x00000000e4100000)
  to   space 2560K, 0% used [0x00000000e3c00000,0x00000000e3c00000,0x00000000e3e80000)
 ParOldGen       total 40960K, used 13385K [0x00000000a0000000, 0x00000000a2800000, 0x00000000e0000000)
  object space 40960K, 32% used [0x00000000a0000000,0x00000000a0d12408,0x00000000a2800000)
 Metaspace       used 20755K, capacity 21080K, committed 21296K, reserved 1069056K
  class space    used 2496K, capacity 2604K, committed 2688K, reserved 1048576K
Event: 4,257 GC heap after
Heap after GC invocations=5 (full 1):
 PSYoungGen      total 64000K, used 0K [0x00000000e0000000, 0x00000000e4100000, 0x0000000100000000)
  eden space 61440K, 0% used [0x00000000e0000000,0x00000000e0000000,0x00000000e3c00000)
  from space 2560K, 0% used [0x00000000e3e80000,0x00000000e3e80000,0x00000000e4100000)
  to   space 2560K, 0% used [0x00000000e3c00000,0x00000000e3c00000,0x00000000e3e80000)
 ParOldGen       total 46080K, used 14658K [0x00000000a0000000, 0x00000000a2d00000, 0x00000000e0000000)
  object space 46080K, 31% used [0x00000000a0000000,0x00000000a0e50b78,0x00000000a2d00000)
 Metaspace       used 20755K, capacity 21080K, committed 21296K, reserved 1069056K
  class space    used 2496K, capacity 2604K, committed 2688K, reserved 1048576K
}
Event: 11,061 GC heap before
{Heap before GC invocations=6 (full 1):
 PSYoungGen      total 64000K, used 61419K [0x00000000e0000000, 0x00000000e4100000, 0x0000000100000000)
  eden space 61440K, 99% used [0x00000000e0000000,0x00000000e3bfaf90,0x00000000e3c00000)
  from space 2560K, 0% used [0x00000000e3e80000,0x00000000e3e80000,0x00000000e4100000)
  to   space 2560K, 0% used [0x00000000e3c00000,0x00000000e3c00000,0x00000000e3e80000)
 ParOldGen       total 46080K, used 14658K [0x00000000a0000000, 0x00000000a2d00000, 0x00000000e0000000)
  object space 46080K, 31% used [0x00000000a0000000,0x00000000a0e50b78,0x00000000a2d00000)
 Metaspace       used 29609K, capacity 30130K, committed 30592K, reserved 1075200K
  class space    used 3739K, capacity 3875K, committed 3968K, reserved 1048576K

