# JRE version: OpenJDK Runtime Environment (8.0_152-b01) (build 1.8.0_152-release-915-b01)
# Java VM: OpenJDK 64-Bit Server VM (25.152-b01 mixed mode linux-amd64 compressed oops)
Heap:
 PSYoungGen      total 276480K, used 0K [0x00000000e0000000, 0x00000000f5a80000, 0x0000000100000000)
  eden space 218624K, 0% used [0x00000000e0000000,0x00000000e0000000,0x00000000ed580000)
  from space 57856K, 0% used [0x00000000f2200000,0x00000000f2200000,0x00000000f5a80000)
  to   space 68096K, 0% used [0x00000000ed580000,0x00000000ed580000,0x00000000f1800000)
 ParOldGen       total 90112K, used 55991K [0x00000000a0000000, 0x00000000a5800000, 0x00000000e0000000)
  object space 90112K, 62% used [0x00000000a0000000,0x00000000a36ade20,0x00000000a5800000)
 Metaspace       used 66678K, capacity 67994K, committed 68224K, reserved 1110016K
  class space    used 7696K, capacity 8001K, committed 8064K, reserved 1048576K
GC Heap History (10 events):
Event: 11,781 GC heap after
Heap after GC invocations=13 (full 3):
 PSYoungGen      total 180736K, used 0K [0x00000000e0000000, 0x00000000ef800000, 0x0000000100000000)
  eden space 148480K, 0% used [0x00000000e0000000,0x00000000e0000000,0x00000000e9100000)
  from space 32256K, 0% used [0x00000000ebd80000,0x00000000ebd80000,0x00000000edd00000)
  to   space 45568K, 0% used [0x00000000e9100000,0x00000000e9100000,0x00000000ebd80000)
 ParOldGen       total 90112K, used 23445K [0x00000000a0000000, 0x00000000a5800000, 0x00000000e0000000)
  object space 90112K, 26% used [0x00000000a0000000,0x00000000a16e5550,0x00000000a5800000)
 Metaspace       used 54803K, capacity 55682K, committed 56064K, reserved 1097728K
  class space    used 6575K, capacity 6804K, committed 6912K, reserved 1048576K
}
Event: 13,767 GC heap before
{Heap before GC invocations=14 (full 3):
 PSYoungGen      total 180736K, used 148480K [0x00000000e0000000, 0x00000000ef800000, 0x0000000100000000)
  eden space 148480K, 100% used [0x00000000e0000000,0x00000000e9100000,0x00000000e9100000)
  from space 32256K, 0% used [0x00000000ebd80000,0x00000000ebd80000,0x00000000edd00000)
  to   space 45568K, 0% used [0x00000000e9100000,0x00000000e9100000,0x00000000ebd80000)
 ParOldGen       total 90112K, used 23445K [0x00000000a0000000, 0x00000000a5800000, 0x00000000e0000000)
  object space 90112K, 26% used [0x00000000a0000000,0x00000000a16e5550,0x00000000a5800000)
 Metaspace       used 58332K, capacity 59386K, committed 59776K, reserved 1101824K
  class space    used 6928K, capacity 7202K, committed 7296K, reserved 1048576K
Event: 13,796 GC heap after
Heap after GC invocations=14 (full 3):
 PSYoungGen      total 194048K, used 29532K [0x00000000e0000000, 0x00000000f1300000, 0x0000000100000000)
  eden space 148480K, 0% used [0x00000000e0000000,0x00000000e0000000,0x00000000e9100000)
  from space 45568K, 64% used [0x00000000e9100000,0x00000000eadd7000,0x00000000ebd80000)
  to   space 47104K, 0% used [0x00000000ee500000,0x00000000ee500000,0x00000000f1300000)
 ParOldGen       total 90112K, used 23453K [0x00000000a0000000, 0x00000000a5800000, 0x00000000e0000000)
  object space 90112K, 26% used [0x00000000a0000000,0x00000000a16e7550,0x00000000a5800000)
 Metaspace       used 58332K, capacity 59386K, committed 59776K, reserved 1101824K
  class space    used 6928K, capacity 7202K, committed 7296K, reserved 1048576K
}
Event: 17,147 GC heap before
{Heap before GC invocations=15 (full 3):
 PSYoungGen      total 194048K, used 178012K [0x00000000e0000000, 0x00000000f1300000, 0x0000000100000000)
  eden space 148480K, 100% used [0x00000000e0000000,0x00000000e9100000,0x00000000e9100000)
  from space 45568K, 64% used [0x00000000e9100000,0x00000000eadd7000,0x00000000ebd80000)
  to   space 47104K, 0% used [0x00000000ee500000,0x00000000ee500000,0x00000000f1300000)
 ParOldGen       total 90112K, used 23453K [0x00000000a0000000, 0x00000000a5800000, 0x00000000e0000000)
  object space 90112K, 26% used [0x00000000a0000000,0x00000000a16e7550,0x00000000a5800000)
 Metaspace       used 63719K, capacity 64854K, committed 65152K, reserved 1105920K
  class space    used 7508K, capacity 7772K, committed 7808K, reserved 1048576K
Event: 17,223 GC heap after
Heap after GC invocations=15 (full 3):
 PSYoungGen      total 225280K, used 47100K [0x00000000e0000000, 0x00000000f2500000, 0x0000000100000000)
  eden space 178176K, 0% used [0x00000000e0000000,0x00000000e0000000,0x00000000eae00000)
  from space 47104K, 99% used [0x00000000ee500000,0x00000000f12ff0e8,0x00000000f1300000)
  to   space 56320K, 0% used [0x00000000eae00000,0x00000000eae00000,0x00000000ee500000)
 ParOldGen       total 90112K, used 27586K [0x00000000a0000000, 0x00000000a5800000, 0x00000000e0000000)
  object space 90112K, 30% used [0x00000000a0000000,0x00000000a1af09f0,0x00000000a5800000)
 Metaspace       used 63719K, capacity 64854K, committed 65152K, reserved 1105920K
  class space    used 7508K, capacity 7772K, committed 7808K, reserved 1048576K
}
Event: 20,031 GC heap before
{Heap before GC invocations=16 (full 3):
 PSYoungGen      total 225280K, used 225276K [0x00000000e0000000, 0x00000000f2500000, 0x0000000100000000)
  eden space 178176K, 100% used [0x00000000e0000000,0x00000000eae00000,0x00000000eae00000)
  from space 47104K, 99% used [0x00000000ee500000,0x00000000f12ff0e8,0x00000000f1300000)
  to   space 56320K, 0% used [0x00000000eae00000,0x00000000eae00000,0x00000000ee500000)
 ParOldGen       total 90112K, used 27586K [0x00000000a0000000, 0x00000000a5800000, 0x00000000e0000000)
  object space 90112K, 30% used [0x00000000a0000000,0x00000000a1af09f0,0x00000000a5800000)
 Metaspace       used 65720K, capacity 67002K, committed 67328K, reserved 1107968K
  class space    used 7629K, capacity 7918K, committed 7936K, reserved 1048576K
Event: 20,105 GC heap after
Heap after GC invocations=16 (full 3):
 PSYoungGen      total 234496K, used 56299K [0x00000000e0000000, 0x00000000f6800000, 0x0000000100000000)
  eden space 178176K, 0% used [0x00000000e0000000,0x00000000e0000000,0x00000000eae00000)
  from space 56320K, 99% used [0x00000000eae00000,0x00000000ee4faca0,0x00000000ee500000)
  to   space 71680K, 0% used [0x00000000f2200000,0x00000000f2200000,0x00000000f6800000)
 ParOldGen       total 90112K, used 43780K [0x00000000a0000000, 0x00000000a5800000, 0x00000000e0000000)
  object space 90112K, 48% used [0x00000000a0000000,0x00000000a2ac1228,0x00000000a5800000)
 Metaspace       used 65720K, capacity 67002K, committed 67328K, reserved 1107968K
  class space    used 7629K, capacity 7918K, committed 7936K, reserved 1048576K
}
Event: 85,460 GC heap before
{Heap before GC invocations=17 (full 3):
 PSYoungGen      total 234496K, used 234475K [0x00000000e0000000, 0x00000000f6800000, 0x0000000100000000)
  eden space 178176K, 100% used [0x00000000e0000000,0x00000000eae00000,0x00000000eae00000)
  from space 56320K, 99% used [0x00000000eae00000,0x00000000ee4faca0,0x00000000ee500000)
  to   space 71680K, 0% used [0x00000000f2200000,0x00000000f2200000,0x00000000f6800000)
 ParOldGen       total 90112K, used 43780K [0x00000000a0000000, 0x00000000a5800000, 0x00000000e0000000)
  object space 90112K, 48% used [0x00000000a0000000,0x00000000a2ac1228,0x00000000a5800000)
 Metaspace       used 66678K, capacity 67994K, committed 68224K, reserved 1110016K
  class space    used 7696K, capacity 8001K, committed 8064K, reserved 1048576K
Event: 85,573 GC heap after
Heap after GC invocations=17 (full 3):
 PSYoungGen      total 276480K, used 29864K [0x00000000e0000000, 0x00000000f5a80000, 0x0000000100000000)
  eden space 218624K, 0% used [0x00000000e0000000,0x00000000e0000000,0x00000000ed580000)
  from space 57856K, 51% used [0x00000000f2200000,0x00000000f3f2a2b0,0x00000000f5a80000)
  to   space 68096K, 0% used [0x00000000ed580000,0x00000000ed580000,0x00000000f1800000)
 ParOldGen       total 90112K, used 78699K [0x00000000a0000000, 0x00000000a5800000, 0x00000000e0000000)
  object space 90112K, 87% used [0x00000000a0000000,0x00000000a4cdad48,0x00000000a5800000)
 Metaspace       used 66678K, capacity 67994K, committed 68224K, reserved 1110016K
  class space    used 7696K, capacity 8001K, committed 8064K, reserved 1048576K
}
Event: 85,574 GC heap before
{Heap before GC invocations=18 (full 4):
 PSYoungGen      total 276480K, used 29864K [0x00000000e0000000, 0x00000000f5a80000, 0x0000000100000000)
  eden space 218624K, 0% used [0x00000000e0000000,0x00000000e0000000,0x00000000ed580000)
  from space 57856K, 51% used [0x00000000f2200000,0x00000000f3f2a2b0,0x00000000f5a80000)
  to   space 68096K, 0% used [0x00000000ed580000,0x00000000ed580000,0x00000000f1800000)
 ParOldGen       total 90112K, used 78699K [0x00000000a0000000, 0x00000000a5800000, 0x00000000e0000000)
  object space 90112K, 87% used [0x00000000a0000000,0x00000000a4cdad48,0x00000000a5800000)
 Metaspace       used 66678K, capacity 67994K, committed 68224K, reserved 1110016K
  class space    used 7696K, capacity 8001K, committed 8064K, reserved 1048576K

