# JRE version: OpenJDK Runtime Environment (8.0_152-b06) (build 1.8.0_152-release-1136-b06)
# Java VM: OpenJDK 64-Bit Server VM (25.152-b06 mixed mode linux-amd64 compressed oops)
Heap:
 PSYoungGen      total 157696K, used 13630K [0x00000000e0000000, 0x00000000ead00000, 0x0000000100000000)
  eden space 140288K, 0% used [0x00000000e0000000,0x00000000e0000000,0x00000000e8900000)
  from space 17408K, 78% used [0x00000000e8900000,0x00000000e964f940,0x00000000e9a00000)
  to   space 14336K, 0% used [0x00000000e9a00000,0x00000000e9a00000,0x00000000ea800000)
 ParOldGen       total 56832K, used 26404K [0x00000000a0000000, 0x00000000a3780000, 0x00000000e0000000)
  object space 56832K, 46% used [0x00000000a0000000,0x00000000a19c9200,0x00000000a3780000)
 Metaspace       used 57287K, capacity 58952K, committed 59028K, reserved 1099776K
  class space    used 7682K, capacity 8110K, committed 8124K, reserved 1048576K
GC Heap History (10 events):
Event: 5,949 GC heap after
Heap after GC invocations=10 (full 1):
 PSYoungGen      total 123392K, used 8688K [0x00000000e0000000, 0x00000000e8600000, 0x0000000100000000)
  eden space 114688K, 0% used [0x00000000e0000000,0x00000000e0000000,0x00000000e7000000)
  from space 8704K, 99% used [0x00000000e7300000,0x00000000e7b7c138,0x00000000e7b80000)
  to   space 10752K, 0% used [0x00000000e7b80000,0x00000000e7b80000,0x00000000e8600000)
 ParOldGen       total 34304K, used 10745K [0x00000000a0000000, 0x00000000a2180000, 0x00000000e0000000)
  object space 34304K, 31% used [0x00000000a0000000,0x00000000a0a7e4f8,0x00000000a2180000)
 Metaspace       used 32595K, capacity 33456K, committed 33664K, reserved 1079296K
  class space    used 4431K, capacity 4719K, committed 4736K, reserved 1048576K
}
Event: 6,976 GC heap before
{Heap before GC invocations=11 (full 1):
 PSYoungGen      total 123392K, used 37781K [0x00000000e0000000, 0x00000000e8600000, 0x0000000100000000)
  eden space 114688K, 25% used [0x00000000e0000000,0x00000000e1c69318,0x00000000e7000000)
  from space 8704K, 99% used [0x00000000e7300000,0x00000000e7b7c138,0x00000000e7b80000)
  to   space 10752K, 0% used [0x00000000e7b80000,0x00000000e7b80000,0x00000000e8600000)
 ParOldGen       total 34304K, used 10745K [0x00000000a0000000, 0x00000000a2180000, 0x00000000e0000000)
  object space 34304K, 31% used [0x00000000a0000000,0x00000000a0a7e4f8,0x00000000a2180000)
 Metaspace       used 34528K, capacity 35352K, committed 35416K, reserved 1079296K
  class space    used 4678K, capacity 4970K, committed 4992K, reserved 1048576K
Event: 6,992 GC heap after
Heap after GC invocations=11 (full 1):
 PSYoungGen      total 124416K, used 10730K [0x00000000e0000000, 0x00000000ea700000, 0x0000000100000000)
  eden space 113664K, 0% used [0x00000000e0000000,0x00000000e0000000,0x00000000e6f00000)
  from space 10752K, 99% used [0x00000000e7b80000,0x00000000e85faa70,0x00000000e8600000)
  to   space 12800K, 0% used [0x00000000e6f00000,0x00000000e6f00000,0x00000000e7b80000)
 ParOldGen       total 34304K, used 11051K [0x00000000a0000000, 0x00000000a2180000, 0x00000000e0000000)
  object space 34304K, 32% used [0x00000000a0000000,0x00000000a0acaf30,0x00000000a2180000)
 Metaspace       used 34528K, capacity 35352K, committed 35416K, reserved 1079296K
  class space    used 4678K, capacity 4970K, committed 4992K, reserved 1048576K
}
Event: 6,992 GC heap before
{Heap before GC invocations=12 (full 2):
 PSYoungGen      total 124416K, used 10730K [0x00000000e0000000, 0x00000000ea700000, 0x0000000100000000)
  eden space 113664K, 0% used [0x00000000e0000000,0x00000000e0000000,0x00000000e6f00000)
  from space 10752K, 99% used [0x00000000e7b80000,0x00000000e85faa70,0x00000000e8600000)
  to   space 12800K, 0% used [0x00000000e6f00000,0x00000000e6f00000,0x00000000e7b80000)
 ParOldGen       total 34304K, used 11051K [0x00000000a0000000, 0x00000000a2180000, 0x00000000e0000000)
  object space 34304K, 32% used [0x00000000a0000000,0x00000000a0acaf30,0x00000000a2180000)
 Metaspace       used 34528K, capacity 35352K, committed 35416K, reserved 1079296K
  class space    used 4678K, capacity 4970K, committed 4992K, reserved 1048576K
Event: 7,079 GC heap after
Heap after GC invocations=12 (full 2):
 PSYoungGen      total 124416K, used 0K [0x00000000e0000000, 0x00000000ea700000, 0x0000000100000000)
  eden space 113664K, 0% used [0x00000000e0000000,0x00000000e0000000,0x00000000e6f00000)
  from space 10752K, 0% used [0x00000000e7b80000,0x00000000e7b80000,0x00000000e8600000)
  to   space 12800K, 0% used [0x00000000e6f00000,0x00000000e6f00000,0x00000000e7b80000)
 ParOldGen       total 56832K, used 16906K [0x00000000a0000000, 0x00000000a3780000, 0x00000000e0000000)
  object space 56832K, 29% used [0x00000000a0000000,0x00000000a1082b78,0x00000000a3780000)
 Metaspace       used 34488K, capacity 35232K, committed 35416K, reserved 1079296K
  class space    used 4668K, capacity 4930K, committed 4992K, reserved 1048576K
}
Event: 8,972 GC heap before
{Heap before GC invocations=13 (full 2):
 PSYoungGen      total 124416K, used 113664K [0x00000000e0000000, 0x00000000ea700000, 0x0000000100000000)
  eden space 113664K, 100% used [0x00000000e0000000,0x00000000e6f00000,0x00000000e6f00000)
  from space 10752K, 0% used [0x00000000e7b80000,0x00000000e7b80000,0x00000000e8600000)
  to   space 12800K, 0% used [0x00000000e6f00000,0x00000000e6f00000,0x00000000e7b80000)
 ParOldGen       total 56832K, used 16906K [0x00000000a0000000, 0x00000000a3780000, 0x00000000e0000000)
  object space 56832K, 29% used [0x00000000a0000000,0x00000000a1082b78,0x00000000a3780000)
 Metaspace       used 43503K, capacity 44370K, committed 44504K, reserved 1087488K
  class space    used 5776K, capacity 6110K, committed 6144K, reserved 1048576K
Event: 8,988 GC heap after
Heap after GC invocations=13 (full 2):
 PSYoungGen      total 126464K, used 12540K [0x00000000e0000000, 0x00000000ea800000, 0x0000000100000000)
  eden space 113664K, 0% used [0x00000000e0000000,0x00000000e0000000,0x00000000e6f00000)
  from space 12800K, 97% used [0x00000000e6f00000,0x00000000e7b3f1f0,0x00000000e7b80000)
  to   space 14336K, 0% used [0x00000000e9a00000,0x00000000e9a00000,0x00000000ea800000)
 ParOldGen       total 56832K, used 16914K [0x00000000a0000000, 0x00000000a3780000, 0x00000000e0000000)
  object space 56832K, 29% used [0x00000000a0000000,0x00000000a1084b78,0x00000000a3780000)
 Metaspace       used 43503K, capacity 44370K, committed 44504K, reserved 1087488K
  class space    used 5776K, capacity 6110K, committed 6144K, reserved 1048576K
}
Event: 10,670 GC heap before
{Heap before GC invocations=14 (full 2):
 PSYoungGen      total 126464K, used 126204K [0x00000000e0000000, 0x00000000ea800000, 0x0000000100000000)
  eden space 113664K, 100% used [0x00000000e0000000,0x00000000e6f00000,0x00000000e6f00000)
  from space 12800K, 97% used [0x00000000e6f00000,0x00000000e7b3f1f0,0x00000000e7b80000)
  to   space 14336K, 0% used [0x00000000e9a00000,0x00000000e9a00000,0x00000000ea800000)
 ParOldGen       total 56832K, used 16914K [0x00000000a0000000, 0x00000000a3780000, 0x00000000e0000000)
  object space 56832K, 29% used [0x00000000a0000000,0x00000000a1084b78,0x00000000a3780000)
 Metaspace       used 51707K, capacity 53000K, committed 53080K, reserved 1095680K
  class space    used 6859K, capacity 7280K, committed 7296K, reserved 1048576K
Event: 10,695 GC heap after
Heap after GC invocations=14 (full 2):
 PSYoungGen      total 154624K, used 14327K [0x00000000e0000000, 0x00000000ead00000, 0x0000000100000000)
  eden space 140288K, 0% used [0x00000000e0000000,0x00000000e0000000,0x00000000e8900000)
  from space 14336K, 99% used [0x00000000e9a00000,0x00000000ea7fdd00,0x00000000ea800000)
  to   space 17408K, 0% used [0x00000000e8900000,0x00000000e8900000,0x00000000e9a00000)
 ParOldGen       total 56832K, used 19380K [0x00000000a0000000, 0x00000000a3780000, 0x00000000e0000000)
  object space 56832K, 34% used [0x00000000a0000000,0x00000000a12ed2e8,0x00000000a3780000)
 Metaspace       used 51707K, capacity 53000K, committed 53080K, reserved 1095680K
  class space    used 6859K, capacity 7280K, committed 7296K, reserved 1048576K
}
Event: 12,568 GC heap before
{Heap before GC invocations=15 (full 2):
 PSYoungGen      total 154624K, used 98302K [0x00000000e0000000, 0x00000000ead00000, 0x0000000100000000)
  eden space 140288K, 59% used [0x00000000e0000000,0x00000000e5201ca0,0x00000000e8900000)
  from space 14336K, 99% used [0x00000000e9a00000,0x00000000ea7fdd00,0x00000000ea800000)
  to   space 17408K, 0% used [0x00000000e8900000,0x00000000e8900000,0x00000000e9a00000)
 ParOldGen       total 56832K, used 19380K [0x00000000a0000000, 0x00000000a3780000, 0x00000000e0000000)
  object space 56832K, 34% used [0x00000000a0000000,0x00000000a12ed2e8,0x00000000a3780000)
 Metaspace       used 57287K, capacity 58952K, committed 59028K, reserved 1099776K
  class space    used 7682K, capacity 8110K, committed 8124K, reserved 1048576K

