# JRE version: OpenJDK Runtime Environment (8.0_152-b01) (build 1.8.0_152-release-915-b01)
# Java VM: OpenJDK 64-Bit Server VM (25.152-b01 mixed mode linux-amd64 compressed oops)
Heap:
 PSYoungGen      total 230400K, used 0K [0x00000000e0000000, 0x00000000f2f80000, 0x0000000100000000)
  eden space 214528K, 0% used [0x00000000e0000000,0x00000000e0000000,0x00000000ed180000)
  from space 15872K, 0% used [0x00000000eda80000,0x00000000eda80000,0x00000000eea00000)
  to   space 48128K, 0% used [0x00000000f0080000,0x00000000f0080000,0x00000000f2f80000)
 ParOldGen       total 81920K, used 73745K [0x00000000a0000000, 0x00000000a5000000, 0x00000000e0000000)
  object space 81920K, 90% used [0x00000000a0000000,0x00000000a4804598,0x00000000a5000000)
 Metaspace       used 93928K, capacity 100900K, committed 101208K, reserved 1136640K
  class space    used 12061K, capacity 13642K, committed 13696K, reserved 1048576K
GC Heap History (10 events):
Event: 8084,121 GC heap after
Heap after GC invocations=27 (full 4):
 PSYoungGen      total 292864K, used 28361K [0x00000000e0000000, 0x00000000f5b00000, 0x0000000100000000)
  eden space 254464K, 0% used [0x00000000e0000000,0x00000000e0000000,0x00000000ef880000)
  from space 38400K, 73% used [0x00000000ef880000,0x00000000f1432608,0x00000000f1e00000)
  to   space 40960K, 0% used [0x00000000f3300000,0x00000000f3300000,0x00000000f5b00000)
 ParOldGen       total 81920K, used 53163K [0x00000000a0000000, 0x00000000a5000000, 0x00000000e0000000)
  object space 81920K, 64% used [0x00000000a0000000,0x00000000a33eaf00,0x00000000a5000000)
 Metaspace       used 91732K, capacity 97230K, committed 97368K, reserved 1134592K
  class space    used 11840K, capacity 13116K, committed 13184K, reserved 1048576K
}
Event: 8390,774 GC heap before
{Heap before GC invocations=28 (full 4):
 PSYoungGen      total 292864K, used 282825K [0x00000000e0000000, 0x00000000f5b00000, 0x0000000100000000)
  eden space 254464K, 100% used [0x00000000e0000000,0x00000000ef880000,0x00000000ef880000)
  from space 38400K, 73% used [0x00000000ef880000,0x00000000f1432608,0x00000000f1e00000)
  to   space 40960K, 0% used [0x00000000f3300000,0x00000000f3300000,0x00000000f5b00000)
 ParOldGen       total 81920K, used 53163K [0x00000000a0000000, 0x00000000a5000000, 0x00000000e0000000)
  object space 81920K, 64% used [0x00000000a0000000,0x00000000a33eaf00,0x00000000a5000000)
 Metaspace       used 92440K, capacity 98328K, committed 98520K, reserved 1134592K
  class space    used 11906K, capacity 13273K, committed 13312K, reserved 1048576K
Event: 8390,868 GC heap after
Heap after GC invocations=28 (full 4):
 PSYoungGen      total 271360K, used 27164K [0x00000000e0000000, 0x00000000f4e00000, 0x0000000100000000)
  eden space 243712K, 0% used [0x00000000e0000000,0x00000000e0000000,0x00000000eee00000)
  from space 27648K, 98% used [0x00000000f3300000,0x00000000f4d87068,0x00000000f4e00000)
  to   space 41984K, 0% used [0x00000000efc00000,0x00000000efc00000,0x00000000f2500000)
 ParOldGen       total 81920K, used 53171K [0x00000000a0000000, 0x00000000a5000000, 0x00000000e0000000)
  object space 81920K, 64% used [0x00000000a0000000,0x00000000a33ecf00,0x00000000a5000000)
 Metaspace       used 92440K, capacity 98328K, committed 98520K, reserved 1134592K
  class space    used 11906K, capacity 13273K, committed 13312K, reserved 1048576K
}
Event: 8602,410 GC heap before
{Heap before GC invocations=29 (full 4):
 PSYoungGen      total 271360K, used 270876K [0x00000000e0000000, 0x00000000f4e00000, 0x0000000100000000)
  eden space 243712K, 100% used [0x00000000e0000000,0x00000000eee00000,0x00000000eee00000)
  from space 27648K, 98% used [0x00000000f3300000,0x00000000f4d87068,0x00000000f4e00000)
  to   space 41984K, 0% used [0x00000000efc00000,0x00000000efc00000,0x00000000f2500000)
 ParOldGen       total 81920K, used 53171K [0x00000000a0000000, 0x00000000a5000000, 0x00000000e0000000)
  object space 81920K, 64% used [0x00000000a0000000,0x00000000a33ecf00,0x00000000a5000000)
 Metaspace       used 93036K, capacity 99300K, committed 99416K, reserved 1134592K
  class space    used 11962K, capacity 13391K, committed 13440K, reserved 1048576K
Event: 8602,451 GC heap after
Heap after GC invocations=29 (full 4):
 PSYoungGen      total 264192K, used 30697K [0x00000000e0000000, 0x00000000f3a00000, 0x0000000100000000)
  eden space 233472K, 0% used [0x00000000e0000000,0x00000000e0000000,0x00000000ee400000)
  from space 30720K, 99% used [0x00000000efc00000,0x00000000f19fa658,0x00000000f1a00000)
  to   space 32768K, 0% used [0x00000000f1a00000,0x00000000f1a00000,0x00000000f3a00000)
 ParOldGen       total 81920K, used 53179K [0x00000000a0000000, 0x00000000a5000000, 0x00000000e0000000)
  object space 81920K, 64% used [0x00000000a0000000,0x00000000a33eef00,0x00000000a5000000)
 Metaspace       used 93036K, capacity 99300K, committed 99416K, reserved 1134592K
  class space    used 11962K, capacity 13391K, committed 13440K, reserved 1048576K
}
Event: 8798,061 GC heap before
{Heap before GC invocations=30 (full 4):
 PSYoungGen      total 264192K, used 264169K [0x00000000e0000000, 0x00000000f3a00000, 0x0000000100000000)
  eden space 233472K, 100% used [0x00000000e0000000,0x00000000ee400000,0x00000000ee400000)
  from space 30720K, 99% used [0x00000000efc00000,0x00000000f19fa658,0x00000000f1a00000)
  to   space 32768K, 0% used [0x00000000f1a00000,0x00000000f1a00000,0x00000000f3a00000)
 ParOldGen       total 81920K, used 53179K [0x00000000a0000000, 0x00000000a5000000, 0x00000000e0000000)
  object space 81920K, 64% used [0x00000000a0000000,0x00000000a33eef00,0x00000000a5000000)
 Metaspace       used 93668K, capacity 100608K, committed 100952K, reserved 1136640K
  class space    used 12052K, capacity 13575K, committed 13696K, reserved 1048576K
Event: 8798,111 GC heap after
Heap after GC invocations=30 (full 4):
 PSYoungGen      total 256512K, used 32742K [0x00000000e0000000, 0x00000000f3b80000, 0x0000000100000000)
  eden space 223744K, 0% used [0x00000000e0000000,0x00000000e0000000,0x00000000eda80000)
  from space 32768K, 99% used [0x00000000f1a00000,0x00000000f39f9800,0x00000000f3a00000)
  to   space 49664K, 0% used [0x00000000eda80000,0x00000000eda80000,0x00000000f0b00000)
 ParOldGen       total 81920K, used 61814K [0x00000000a0000000, 0x00000000a5000000, 0x00000000e0000000)
  object space 81920K, 75% used [0x00000000a0000000,0x00000000a3c5da48,0x00000000a5000000)
 Metaspace       used 93668K, capacity 100608K, committed 100952K, reserved 1136640K
  class space    used 12052K, capacity 13575K, committed 13696K, reserved 1048576K
}
Event: 8947,819 GC heap before
{Heap before GC invocations=31 (full 4):
 PSYoungGen      total 256512K, used 256486K [0x00000000e0000000, 0x00000000f3b80000, 0x0000000100000000)
  eden space 223744K, 100% used [0x00000000e0000000,0x00000000eda80000,0x00000000eda80000)
  from space 32768K, 99% used [0x00000000f1a00000,0x00000000f39f9800,0x00000000f3a00000)
  to   space 49664K, 0% used [0x00000000eda80000,0x00000000eda80000,0x00000000f0b00000)
 ParOldGen       total 81920K, used 61814K [0x00000000a0000000, 0x00000000a5000000, 0x00000000e0000000)
  object space 81920K, 75% used [0x00000000a0000000,0x00000000a3c5da48,0x00000000a5000000)
 Metaspace       used 93995K, capacity 101068K, committed 101208K, reserved 1136640K
  class space    used 12082K, capacity 13669K, committed 13696K, reserved 1048576K
Event: 8947,893 GC heap after
Heap after GC invocations=31 (full 4):
 PSYoungGen      total 230400K, used 15595K [0x00000000e0000000, 0x00000000f2f80000, 0x0000000100000000)
  eden space 214528K, 0% used [0x00000000e0000000,0x00000000e0000000,0x00000000ed180000)
  from space 15872K, 98% used [0x00000000eda80000,0x00000000ee9bafa8,0x00000000eea00000)
  to   space 48128K, 0% used [0x00000000f0080000,0x00000000f0080000,0x00000000f2f80000)
 ParOldGen       total 81920K, used 75427K [0x00000000a0000000, 0x00000000a5000000, 0x00000000e0000000)
  object space 81920K, 92% used [0x00000000a0000000,0x00000000a49a8f78,0x00000000a5000000)
 Metaspace       used 93995K, capacity 101068K, committed 101208K, reserved 1136640K
  class space    used 12082K, capacity 13669K, committed 13696K, reserved 1048576K
}
Event: 8947,893 GC heap before
{Heap before GC invocations=32 (full 5):
 PSYoungGen      total 230400K, used 15595K [0x00000000e0000000, 0x00000000f2f80000, 0x0000000100000000)
  eden space 214528K, 0% used [0x00000000e0000000,0x00000000e0000000,0x00000000ed180000)
  from space 15872K, 98% used [0x00000000eda80000,0x00000000ee9bafa8,0x00000000eea00000)
  to   space 48128K, 0% used [0x00000000f0080000,0x00000000f0080000,0x00000000f2f80000)
 ParOldGen       total 81920K, used 75427K [0x00000000a0000000, 0x00000000a5000000, 0x00000000e0000000)
  object space 81920K, 92% used [0x00000000a0000000,0x00000000a49a8f78,0x00000000a5000000)
 Metaspace       used 93995K, capacity 101068K, committed 101208K, reserved 1136640K
  class space    used 12082K, capacity 13669K, committed 13696K, reserved 1048576K

