# JRE version: OpenJDK Runtime Environment (8.0_152-b01) (build 1.8.0_152-release-915-b01)
# Java VM: OpenJDK 64-Bit Server VM (25.152-b01 mixed mode linux-amd64 compressed oops)
Heap:
 PSYoungGen      total 252928K, used 19455K [0x00000000e0000000, 0x00000000f1200000, 0x0000000100000000)
  eden space 233472K, 0% used [0x00000000e0000000,0x00000000e0000000,0x00000000ee400000)
  from space 19456K, 99% used [0x00000000eec00000,0x00000000efeffc78,0x00000000eff00000)
  to   space 14848K, 0% used [0x00000000f0380000,0x00000000f0380000,0x00000000f1200000)
 ParOldGen       total 80896K, used 40150K [0x00000000a0000000, 0x00000000a4f00000, 0x00000000e0000000)
  object space 80896K, 49% used [0x00000000a0000000,0x00000000a2735b90,0x00000000a4f00000)
 Metaspace       used 80692K, capacity 84002K, committed 84184K, reserved 1122304K
  class space    used 10457K, capacity 11181K, committed 11264K, reserved 1048576K
GC Heap History (10 events):
Event: 10,645 GC heap after
Heap after GC invocations=13 (full 2):
 PSYoungGen      total 154112K, used 9700K [0x00000000e0000000, 0x00000000ed900000, 0x0000000100000000)
  eden space 144384K, 0% used [0x00000000e0000000,0x00000000e0000000,0x00000000e8d00000)
  from space 9728K, 99% used [0x00000000e8d00000,0x00000000e96792d0,0x00000000e9680000)
  to   space 13312K, 0% used [0x00000000ecc00000,0x00000000ecc00000,0x00000000ed900000)
 ParOldGen       total 46592K, used 21657K [0x00000000a0000000, 0x00000000a2d80000, 0x00000000e0000000)
  object space 46592K, 46% used [0x00000000a0000000,0x00000000a1526688,0x00000000a2d80000)
 Metaspace       used 43042K, capacity 43916K, committed 44248K, reserved 1087488K
  class space    used 5769K, capacity 6087K, committed 6144K, reserved 1048576K
}
Event: 13,264 GC heap before
{Heap before GC invocations=14 (full 2):
 PSYoungGen      total 154112K, used 154084K [0x00000000e0000000, 0x00000000ed900000, 0x0000000100000000)
  eden space 144384K, 100% used [0x00000000e0000000,0x00000000e8d00000,0x00000000e8d00000)
  from space 9728K, 99% used [0x00000000e8d00000,0x00000000e96792d0,0x00000000e9680000)
  to   space 13312K, 0% used [0x00000000ecc00000,0x00000000ecc00000,0x00000000ed900000)
 ParOldGen       total 46592K, used 21657K [0x00000000a0000000, 0x00000000a2d80000, 0x00000000e0000000)
  object space 46592K, 46% used [0x00000000a0000000,0x00000000a1526688,0x00000000a2d80000)
 Metaspace       used 54250K, capacity 56040K, committed 56152K, reserved 1097728K
  class space    used 7343K, capacity 7797K, committed 7808K, reserved 1048576K
Event: 13,305 GC heap after
Heap after GC invocations=14 (full 2):
 PSYoungGen      total 203264K, used 13287K [0x00000000e0000000, 0x00000000ee100000, 0x0000000100000000)
  eden space 189952K, 0% used [0x00000000e0000000,0x00000000e0000000,0x00000000eb980000)
  from space 13312K, 99% used [0x00000000ecc00000,0x00000000ed8f9ed8,0x00000000ed900000)
  to   space 18944K, 0% used [0x00000000eb980000,0x00000000eb980000,0x00000000ecc00000)
 ParOldGen       total 46592K, used 31539K [0x00000000a0000000, 0x00000000a2d80000, 0x00000000e0000000)
  object space 46592K, 67% used [0x00000000a0000000,0x00000000a1eccc80,0x00000000a2d80000)
 Metaspace       used 54250K, capacity 56040K, committed 56152K, reserved 1097728K
  class space    used 7343K, capacity 7797K, committed 7808K, reserved 1048576K
}
Event: 15,901 GC heap before
{Heap before GC invocations=15 (full 2):
 PSYoungGen      total 203264K, used 115630K [0x00000000e0000000, 0x00000000ee100000, 0x0000000100000000)
  eden space 189952K, 53% used [0x00000000e0000000,0x00000000e63f1978,0x00000000eb980000)
  from space 13312K, 99% used [0x00000000ecc00000,0x00000000ed8f9ed8,0x00000000ed900000)
  to   space 18944K, 0% used [0x00000000eb980000,0x00000000eb980000,0x00000000ecc00000)
 ParOldGen       total 46592K, used 31539K [0x00000000a0000000, 0x00000000a2d80000, 0x00000000e0000000)
  object space 46592K, 67% used [0x00000000a0000000,0x00000000a1eccc80,0x00000000a2d80000)
 Metaspace       used 57227K, capacity 58902K, committed 59028K, reserved 1099776K
  class space    used 7744K, capacity 8166K, committed 8192K, reserved 1048576K
Event: 15,927 GC heap after
Heap after GC invocations=15 (full 2):
 PSYoungGen      total 208896K, used 7590K [0x00000000e0000000, 0x00000000f1500000, 0x0000000100000000)
  eden space 189952K, 0% used [0x00000000e0000000,0x00000000e0000000,0x00000000eb980000)
  from space 18944K, 40% used [0x00000000eb980000,0x00000000ec0e9a08,0x00000000ecc00000)
  to   space 17920K, 0% used [0x00000000f0380000,0x00000000f0380000,0x00000000f1500000)
 ParOldGen       total 46592K, used 37565K [0x00000000a0000000, 0x00000000a2d80000, 0x00000000e0000000)
  object space 46592K, 80% used [0x00000000a0000000,0x00000000a24af6c8,0x00000000a2d80000)
 Metaspace       used 57227K, capacity 58902K, committed 59028K, reserved 1099776K
  class space    used 7744K, capacity 8166K, committed 8192K, reserved 1048576K
}
Event: 15,927 GC heap before
{Heap before GC invocations=16 (full 3):
 PSYoungGen      total 208896K, used 7590K [0x00000000e0000000, 0x00000000f1500000, 0x0000000100000000)
  eden space 189952K, 0% used [0x00000000e0000000,0x00000000e0000000,0x00000000eb980000)
  from space 18944K, 40% used [0x00000000eb980000,0x00000000ec0e9a08,0x00000000ecc00000)
  to   space 17920K, 0% used [0x00000000f0380000,0x00000000f0380000,0x00000000f1500000)
 ParOldGen       total 46592K, used 37565K [0x00000000a0000000, 0x00000000a2d80000, 0x00000000e0000000)
  object space 46592K, 80% used [0x00000000a0000000,0x00000000a24af6c8,0x00000000a2d80000)
 Metaspace       used 57227K, capacity 58902K, committed 59028K, reserved 1099776K
  class space    used 7744K, capacity 8166K, committed 8192K, reserved 1048576K
Event: 16,290 GC heap after
Heap after GC invocations=16 (full 3):
 PSYoungGen      total 208896K, used 0K [0x00000000e0000000, 0x00000000f1500000, 0x0000000100000000)
  eden space 189952K, 0% used [0x00000000e0000000,0x00000000e0000000,0x00000000eb980000)
  from space 18944K, 0% used [0x00000000eb980000,0x00000000eb980000,0x00000000ecc00000)
  to   space 17920K, 0% used [0x00000000f0380000,0x00000000f0380000,0x00000000f1500000)
 ParOldGen       total 80896K, used 36430K [0x00000000a0000000, 0x00000000a4f00000, 0x00000000e0000000)
  object space 80896K, 45% used [0x00000000a0000000,0x00000000a2393988,0x00000000a4f00000)
 Metaspace       used 57227K, capacity 58902K, committed 59028K, reserved 1099776K
  class space    used 7744K, capacity 8166K, committed 8192K, reserved 1048576K
}
Event: 29,313 GC heap before
{Heap before GC invocations=17 (full 3):
 PSYoungGen      total 208896K, used 189952K [0x00000000e0000000, 0x00000000f1500000, 0x0000000100000000)
  eden space 189952K, 100% used [0x00000000e0000000,0x00000000eb980000,0x00000000eb980000)
  from space 18944K, 0% used [0x00000000eb980000,0x00000000eb980000,0x00000000ecc00000)
  to   space 17920K, 0% used [0x00000000f0380000,0x00000000f0380000,0x00000000f1500000)
 ParOldGen       total 80896K, used 36430K [0x00000000a0000000, 0x00000000a4f00000, 0x00000000e0000000)
  object space 80896K, 45% used [0x00000000a0000000,0x00000000a2393988,0x00000000a4f00000)
 Metaspace       used 70085K, capacity 72262K, committed 72536K, reserved 1112064K
  class space    used 9266K, capacity 9803K, committed 9856K, reserved 1048576K
Event: 29,346 GC heap after
Heap after GC invocations=17 (full 3):
 PSYoungGen      total 248320K, used 14547K [0x00000000e0000000, 0x00000000f1200000, 0x0000000100000000)
  eden space 233472K, 0% used [0x00000000e0000000,0x00000000e0000000,0x00000000ee400000)
  from space 14848K, 97% used [0x00000000f0380000,0x00000000f11b4e98,0x00000000f1200000)
  to   space 19456K, 0% used [0x00000000eec00000,0x00000000eec00000,0x00000000eff00000)
 ParOldGen       total 80896K, used 36438K [0x00000000a0000000, 0x00000000a4f00000, 0x00000000e0000000)
  object space 80896K, 45% used [0x00000000a0000000,0x00000000a2395988,0x00000000a4f00000)
 Metaspace       used 70085K, capacity 72262K, committed 72536K, reserved 1112064K
  class space    used 9266K, capacity 9803K, committed 9856K, reserved 1048576K
}
Event: 181,968 GC heap before
{Heap before GC invocations=18 (full 3):
 PSYoungGen      total 248320K, used 248019K [0x00000000e0000000, 0x00000000f1200000, 0x0000000100000000)
  eden space 233472K, 100% used [0x00000000e0000000,0x00000000ee400000,0x00000000ee400000)
  from space 14848K, 97% used [0x00000000f0380000,0x00000000f11b4e98,0x00000000f1200000)
  to   space 19456K, 0% used [0x00000000eec00000,0x00000000eec00000,0x00000000eff00000)
 ParOldGen       total 80896K, used 36438K [0x00000000a0000000, 0x00000000a4f00000, 0x00000000e0000000)
  object space 80896K, 45% used [0x00000000a0000000,0x00000000a2395988,0x00000000a4f00000)
 Metaspace       used 80692K, capacity 84002K, committed 84184K, reserved 1122304K
  class space    used 10457K, capacity 11181K, committed 11264K, reserved 1048576K

