# JRE version: OpenJDK Runtime Environment (8.0_152-b01) (build 1.8.0_152-release-915-b01)
# Java VM: OpenJDK 64-Bit Server VM (25.152-b01 mixed mode linux-amd64 compressed oops)
Heap:
 PSYoungGen      total 146944K, used 30697K [0x00000000e0000000, 0x00000000eb880000, 0x0000000100000000)
  eden space 116224K, 0% used [0x00000000e0000000,0x00000000e0000000,0x00000000e7180000)
  from space 30720K, 99% used [0x00000000e7180000,0x00000000e8f7a6b8,0x00000000e8f80000)
  to   space 22528K, 0% used [0x00000000e8f80000,0x00000000e8f80000,0x00000000ea580000)
 ParOldGen       total 73728K, used 56845K [0x00000000a0000000, 0x00000000a4800000, 0x00000000e0000000)
  object space 73728K, 77% used [0x00000000a0000000,0x00000000a3783490,0x00000000a4800000)
 Metaspace       used 55170K, capacity 56194K, committed 56408K, reserved 1099776K
  class space    used 6727K, capacity 6988K, committed 7000K, reserved 1048576K
GC Heap History (10 events):
Event: 4,616 GC heap after
Heap after GC invocations=6 (full 1):
 PSYoungGen      total 64000K, used 2552K [0x00000000e0000000, 0x00000000e7900000, 0x0000000100000000)
  eden space 61440K, 0% used [0x00000000e0000000,0x00000000e0000000,0x00000000e3c00000)
  from space 2560K, 99% used [0x00000000e3c00000,0x00000000e3e7e168,0x00000000e3e80000)
  to   space 15360K, 0% used [0x00000000e6a00000,0x00000000e6a00000,0x00000000e7900000)
 ParOldGen       total 43008K, used 24789K [0x00000000a0000000, 0x00000000a2a00000, 0x00000000e0000000)
  object space 43008K, 57% used [0x00000000a0000000,0x00000000a1835600,0x00000000a2a00000)
 Metaspace       used 29828K, capacity 30274K, committed 30592K, reserved 1075200K
  class space    used 3752K, capacity 3925K, committed 3968K, reserved 1048576K
}
Event: 5,366 GC heap before
{Heap before GC invocations=7 (full 1):
 PSYoungGen      total 64000K, used 36783K [0x00000000e0000000, 0x00000000e7900000, 0x0000000100000000)
  eden space 61440K, 55% used [0x00000000e0000000,0x00000000e216dca0,0x00000000e3c00000)
  from space 2560K, 99% used [0x00000000e3c00000,0x00000000e3e7e168,0x00000000e3e80000)
  to   space 15360K, 0% used [0x00000000e6a00000,0x00000000e6a00000,0x00000000e7900000)
 ParOldGen       total 43008K, used 24789K [0x00000000a0000000, 0x00000000a2a00000, 0x00000000e0000000)
  object space 43008K, 57% used [0x00000000a0000000,0x00000000a1835600,0x00000000a2a00000)
 Metaspace       used 34644K, capacity 35107K, committed 35416K, reserved 1079296K
  class space    used 4478K, capacity 4616K, committed 4696K, reserved 1048576K
Event: 5,377 GC heap after
Heap after GC invocations=7 (full 1):
 PSYoungGen      total 105472K, used 9398K [0x00000000e0000000, 0x00000000e7700000, 0x0000000100000000)
  eden space 92160K, 0% used [0x00000000e0000000,0x00000000e0000000,0x00000000e5a00000)
  from space 13312K, 70% used [0x00000000e6a00000,0x00000000e732dab0,0x00000000e7700000)
  to   space 14848K, 0% used [0x00000000e5a00000,0x00000000e5a00000,0x00000000e6880000)
 ParOldGen       total 43008K, used 24797K [0x00000000a0000000, 0x00000000a2a00000, 0x00000000e0000000)
  object space 43008K, 57% used [0x00000000a0000000,0x00000000a1837600,0x00000000a2a00000)
 Metaspace       used 34644K, capacity 35107K, committed 35416K, reserved 1079296K
  class space    used 4478K, capacity 4616K, committed 4696K, reserved 1048576K
}
Event: 5,377 GC heap before
{Heap before GC invocations=8 (full 2):
 PSYoungGen      total 105472K, used 9398K [0x00000000e0000000, 0x00000000e7700000, 0x0000000100000000)
  eden space 92160K, 0% used [0x00000000e0000000,0x00000000e0000000,0x00000000e5a00000)
  from space 13312K, 70% used [0x00000000e6a00000,0x00000000e732dab0,0x00000000e7700000)
  to   space 14848K, 0% used [0x00000000e5a00000,0x00000000e5a00000,0x00000000e6880000)
 ParOldGen       total 43008K, used 24797K [0x00000000a0000000, 0x00000000a2a00000, 0x00000000e0000000)
  object space 43008K, 57% used [0x00000000a0000000,0x00000000a1837600,0x00000000a2a00000)
 Metaspace       used 34644K, capacity 35107K, committed 35416K, reserved 1079296K
  class space    used 4478K, capacity 4616K, committed 4696K, reserved 1048576K
Event: 5,477 GC heap after
Heap after GC invocations=8 (full 2):
 PSYoungGen      total 105472K, used 0K [0x00000000e0000000, 0x00000000e7700000, 0x0000000100000000)
  eden space 92160K, 0% used [0x00000000e0000000,0x00000000e0000000,0x00000000e5a00000)
  from space 13312K, 0% used [0x00000000e6a00000,0x00000000e6a00000,0x00000000e7700000)
  to   space 14848K, 0% used [0x00000000e5a00000,0x00000000e5a00000,0x00000000e6880000)
 ParOldGen       total 73728K, used 21869K [0x00000000a0000000, 0x00000000a4800000, 0x00000000e0000000)
  object space 73728K, 29% used [0x00000000a0000000,0x00000000a155b648,0x00000000a4800000)
 Metaspace       used 34644K, capacity 35107K, committed 35416K, reserved 1079296K
  class space    used 4478K, capacity 4616K, committed 4696K, reserved 1048576K
}
Event: 8,374 GC heap before
{Heap before GC invocations=9 (full 2):
 PSYoungGen      total 105472K, used 92160K [0x00000000e0000000, 0x00000000e7700000, 0x0000000100000000)
  eden space 92160K, 100% used [0x00000000e0000000,0x00000000e5a00000,0x00000000e5a00000)
  from space 13312K, 0% used [0x00000000e6a00000,0x00000000e6a00000,0x00000000e7700000)
  to   space 14848K, 0% used [0x00000000e5a00000,0x00000000e5a00000,0x00000000e6880000)
 ParOldGen       total 73728K, used 21869K [0x00000000a0000000, 0x00000000a4800000, 0x00000000e0000000)
  object space 73728K, 29% used [0x00000000a0000000,0x00000000a155b648,0x00000000a4800000)
 Metaspace       used 40783K, capacity 41438K, committed 41816K, reserved 1085440K
  class space    used 5032K, capacity 5174K, committed 5208K, reserved 1048576K
Event: 8,413 GC heap after
Heap after GC invocations=9 (full 2):
 PSYoungGen      total 107008K, used 14837K [0x00000000e0000000, 0x00000000ea580000, 0x0000000100000000)
  eden space 92160K, 0% used [0x00000000e0000000,0x00000000e0000000,0x00000000e5a00000)
  from space 14848K, 99% used [0x00000000e5a00000,0x00000000e687d518,0x00000000e6880000)
  to   space 22528K, 0% used [0x00000000e8f80000,0x00000000e8f80000,0x00000000ea580000)
 ParOldGen       total 73728K, used 32514K [0x00000000a0000000, 0x00000000a4800000, 0x00000000e0000000)
  object space 73728K, 44% used [0x00000000a0000000,0x00000000a1fc0b48,0x00000000a4800000)
 Metaspace       used 40783K, capacity 41438K, committed 41816K, reserved 1085440K
  class space    used 5032K, capacity 5174K, committed 5208K, reserved 1048576K
}
Event: 10,502 GC heap before
{Heap before GC invocations=10 (full 2):
 PSYoungGen      total 107008K, used 106997K [0x00000000e0000000, 0x00000000ea580000, 0x0000000100000000)
  eden space 92160K, 100% used [0x00000000e0000000,0x00000000e5a00000,0x00000000e5a00000)
  from space 14848K, 99% used [0x00000000e5a00000,0x00000000e687d518,0x00000000e6880000)
  to   space 22528K, 0% used [0x00000000e8f80000,0x00000000e8f80000,0x00000000ea580000)
 ParOldGen       total 73728K, used 32514K [0x00000000a0000000, 0x00000000a4800000, 0x00000000e0000000)
  object space 73728K, 44% used [0x00000000a0000000,0x00000000a1fc0b48,0x00000000a4800000)
 Metaspace       used 46311K, capacity 47104K, committed 47448K, reserved 1091584K
  class space    used 5685K, capacity 5867K, committed 5976K, reserved 1048576K
Event: 10,564 GC heap after
Heap after GC invocations=10 (full 2):
 PSYoungGen      total 138752K, used 22515K [0x00000000e0000000, 0x00000000eb880000, 0x0000000100000000)
  eden space 116224K, 0% used [0x00000000e0000000,0x00000000e0000000,0x00000000e7180000)
  from space 22528K, 99% used [0x00000000e8f80000,0x00000000ea57cde0,0x00000000ea580000)
  to   space 30720K, 0% used [0x00000000e7180000,0x00000000e7180000,0x00000000e8f80000)
 ParOldGen       total 73728K, used 41897K [0x00000000a0000000, 0x00000000a4800000, 0x00000000e0000000)
  object space 73728K, 56% used [0x00000000a0000000,0x00000000a28ea538,0x00000000a4800000)
 Metaspace       used 46311K, capacity 47104K, committed 47448K, reserved 1091584K
  class space    used 5685K, capacity 5867K, committed 5976K, reserved 1048576K
}
Event: 15,340 GC heap before
{Heap before GC invocations=11 (full 2):
 PSYoungGen      total 138752K, used 138739K [0x00000000e0000000, 0x00000000eb880000, 0x0000000100000000)
  eden space 116224K, 100% used [0x00000000e0000000,0x00000000e7180000,0x00000000e7180000)
  from space 22528K, 99% used [0x00000000e8f80000,0x00000000ea57cde0,0x00000000ea580000)
  to   space 30720K, 0% used [0x00000000e7180000,0x00000000e7180000,0x00000000e8f80000)
 ParOldGen       total 73728K, used 41897K [0x00000000a0000000, 0x00000000a4800000, 0x00000000e0000000)
  object space 73728K, 56% used [0x00000000a0000000,0x00000000a28ea538,0x00000000a4800000)
 Metaspace       used 55170K, capacity 56194K, committed 56408K, reserved 1099776K
  class space    used 6727K, capacity 6988K, committed 7000K, reserved 1048576K

