# JRE version: OpenJDK Runtime Environment (8.0_152-b01) (build 1.8.0_152-release-915-b01)
# Java VM: OpenJDK 64-Bit Server VM (25.152-b01 mixed mode linux-amd64 compressed oops)
Heap:
 PSYoungGen      total 257536K, used 20456K [0x00000000e0000000, 0x00000000f1480000, 0x0000000100000000)
  eden space 237056K, 0% used [0x00000000e0000000,0x00000000e0000000,0x00000000ee780000)
  from space 20480K, 99% used [0x00000000eec80000,0x00000000f007a110,0x00000000f0080000)
  to   space 16896K, 0% used [0x00000000f0400000,0x00000000f0400000,0x00000000f1480000)
 ParOldGen       total 79360K, used 49712K [0x00000000a0000000, 0x00000000a4d80000, 0x00000000e0000000)
  object space 79360K, 62% used [0x00000000a0000000,0x00000000a308c018,0x00000000a4d80000)
 Metaspace       used 77083K, capacity 79724K, committed 79764K, reserved 1118208K
  class space    used 10054K, capacity 10656K, committed 10684K, reserved 1048576K
GC Heap History (10 events):
Event: 8,242 GC heap after
Heap after GC invocations=13 (full 2):
 PSYoungGen      total 157696K, used 9708K [0x00000000e0000000, 0x00000000edb80000, 0x0000000100000000)
  eden space 147968K, 0% used [0x00000000e0000000,0x00000000e0000000,0x00000000e9080000)
  from space 9728K, 99% used [0x00000000e9080000,0x00000000e99fb2f0,0x00000000e9a00000)
  to   space 13312K, 0% used [0x00000000ece80000,0x00000000ece80000,0x00000000edb80000)
 ParOldGen       total 46592K, used 21931K [0x00000000a0000000, 0x00000000a2d80000, 0x00000000e0000000)
  object space 46592K, 47% used [0x00000000a0000000,0x00000000a156afa0,0x00000000a2d80000)
 Metaspace       used 44258K, capacity 45242K, committed 45400K, reserved 1089536K
  class space    used 5955K, capacity 6260K, committed 6272K, reserved 1048576K
}
Event: 10,599 GC heap before
{Heap before GC invocations=14 (full 2):
 PSYoungGen      total 157696K, used 157676K [0x00000000e0000000, 0x00000000edb80000, 0x0000000100000000)
  eden space 147968K, 100% used [0x00000000e0000000,0x00000000e9080000,0x00000000e9080000)
  from space 9728K, 99% used [0x00000000e9080000,0x00000000e99fb2f0,0x00000000e9a00000)
  to   space 13312K, 0% used [0x00000000ece80000,0x00000000ece80000,0x00000000edb80000)
 ParOldGen       total 46592K, used 21931K [0x00000000a0000000, 0x00000000a2d80000, 0x00000000e0000000)
  object space 46592K, 47% used [0x00000000a0000000,0x00000000a156afa0,0x00000000a2d80000)
 Metaspace       used 54536K, capacity 56302K, committed 56536K, reserved 1097728K
  class space    used 7376K, capacity 7834K, committed 7936K, reserved 1048576K
Event: 10,645 GC heap after
Heap after GC invocations=14 (full 2):
 PSYoungGen      total 205824K, used 13283K [0x00000000e0000000, 0x00000000ee400000, 0x0000000100000000)
  eden space 192512K, 0% used [0x00000000e0000000,0x00000000e0000000,0x00000000ebc00000)
  from space 13312K, 99% used [0x00000000ece80000,0x00000000edb78ca8,0x00000000edb80000)
  to   space 18944K, 0% used [0x00000000ebc00000,0x00000000ebc00000,0x00000000ece80000)
 ParOldGen       total 46592K, used 32052K [0x00000000a0000000, 0x00000000a2d80000, 0x00000000e0000000)
  object space 46592K, 68% used [0x00000000a0000000,0x00000000a1f4d2f8,0x00000000a2d80000)
 Metaspace       used 54536K, capacity 56302K, committed 56536K, reserved 1097728K
  class space    used 7376K, capacity 7834K, committed 7936K, reserved 1048576K
}
Event: 13,085 GC heap before
{Heap before GC invocations=15 (full 2):
 PSYoungGen      total 205824K, used 135290K [0x00000000e0000000, 0x00000000ee400000, 0x0000000100000000)
  eden space 192512K, 63% used [0x00000000e0000000,0x00000000e7725c40,0x00000000ebc00000)
  from space 13312K, 99% used [0x00000000ece80000,0x00000000edb78ca8,0x00000000edb80000)
  to   space 18944K, 0% used [0x00000000ebc00000,0x00000000ebc00000,0x00000000ece80000)
 ParOldGen       total 46592K, used 32052K [0x00000000a0000000, 0x00000000a2d80000, 0x00000000e0000000)
  object space 46592K, 68% used [0x00000000a0000000,0x00000000a1f4d2f8,0x00000000a2d80000)
 Metaspace       used 57141K, capacity 58948K, committed 59028K, reserved 1099776K
  class space    used 7667K, capacity 8097K, committed 8124K, reserved 1048576K
Event: 13,101 GC heap after
Heap after GC invocations=15 (full 2):
 PSYoungGen      total 211456K, used 5028K [0x00000000e0000000, 0x00000000f1600000, 0x0000000100000000)
  eden space 192512K, 0% used [0x00000000e0000000,0x00000000e0000000,0x00000000ebc00000)
  from space 18944K, 26% used [0x00000000ebc00000,0x00000000ec0e90b0,0x00000000ece80000)
  to   space 18432K, 0% used [0x00000000f0400000,0x00000000f0400000,0x00000000f1600000)
 ParOldGen       total 46592K, used 37963K [0x00000000a0000000, 0x00000000a2d80000, 0x00000000e0000000)
  object space 46592K, 81% used [0x00000000a0000000,0x00000000a2512db0,0x00000000a2d80000)
 Metaspace       used 57141K, capacity 58948K, committed 59028K, reserved 1099776K
  class space    used 7667K, capacity 8097K, committed 8124K, reserved 1048576K
}
Event: 13,101 GC heap before
{Heap before GC invocations=16 (full 3):
 PSYoungGen      total 211456K, used 5028K [0x00000000e0000000, 0x00000000f1600000, 0x0000000100000000)
  eden space 192512K, 0% used [0x00000000e0000000,0x00000000e0000000,0x00000000ebc00000)
  from space 18944K, 26% used [0x00000000ebc00000,0x00000000ec0e90b0,0x00000000ece80000)
  to   space 18432K, 0% used [0x00000000f0400000,0x00000000f0400000,0x00000000f1600000)
 ParOldGen       total 46592K, used 37963K [0x00000000a0000000, 0x00000000a2d80000, 0x00000000e0000000)
  object space 46592K, 81% used [0x00000000a0000000,0x00000000a2512db0,0x00000000a2d80000)
 Metaspace       used 57141K, capacity 58948K, committed 59028K, reserved 1099776K
  class space    used 7667K, capacity 8097K, committed 8124K, reserved 1048576K
Event: 13,368 GC heap after
Heap after GC invocations=16 (full 3):
 PSYoungGen      total 211456K, used 0K [0x00000000e0000000, 0x00000000f1600000, 0x0000000100000000)
  eden space 192512K, 0% used [0x00000000e0000000,0x00000000e0000000,0x00000000ebc00000)
  from space 18944K, 0% used [0x00000000ebc00000,0x00000000ebc00000,0x00000000ece80000)
  to   space 18432K, 0% used [0x00000000f0400000,0x00000000f0400000,0x00000000f1600000)
 ParOldGen       total 79360K, used 34076K [0x00000000a0000000, 0x00000000a4d80000, 0x00000000e0000000)
  object space 79360K, 42% used [0x00000000a0000000,0x00000000a2147190,0x00000000a4d80000)
 Metaspace       used 57138K, capacity 58936K, committed 59028K, reserved 1099776K
  class space    used 7666K, capacity 8095K, committed 8124K, reserved 1048576K
}
Event: 33,107 GC heap before
{Heap before GC invocations=17 (full 3):
 PSYoungGen      total 211456K, used 192512K [0x00000000e0000000, 0x00000000f1600000, 0x0000000100000000)
  eden space 192512K, 100% used [0x00000000e0000000,0x00000000ebc00000,0x00000000ebc00000)
  from space 18944K, 0% used [0x00000000ebc00000,0x00000000ebc00000,0x00000000ece80000)
  to   space 18432K, 0% used [0x00000000f0400000,0x00000000f0400000,0x00000000f1600000)
 ParOldGen       total 79360K, used 34076K [0x00000000a0000000, 0x00000000a4d80000, 0x00000000e0000000)
  object space 79360K, 42% used [0x00000000a0000000,0x00000000a2147190,0x00000000a4d80000)
 Metaspace       used 68125K, capacity 70444K, committed 70676K, reserved 1110016K
  class space    used 9146K, capacity 9684K, committed 9788K, reserved 1048576K
Event: 33,125 GC heap after
Heap after GC invocations=17 (full 3):
 PSYoungGen      total 253952K, used 16618K [0x00000000e0000000, 0x00000000f1480000, 0x0000000100000000)
  eden space 237056K, 0% used [0x00000000e0000000,0x00000000e0000000,0x00000000ee780000)
  from space 16896K, 98% used [0x00000000f0400000,0x00000000f143a808,0x00000000f1480000)
  to   space 20480K, 0% used [0x00000000eec80000,0x00000000eec80000,0x00000000f0080000)
 ParOldGen       total 79360K, used 34084K [0x00000000a0000000, 0x00000000a4d80000, 0x00000000e0000000)
  object space 79360K, 42% used [0x00000000a0000000,0x00000000a2149190,0x00000000a4d80000)
 Metaspace       used 68125K, capacity 70444K, committed 70676K, reserved 1110016K
  class space    used 9146K, capacity 9684K, committed 9788K, reserved 1048576K
}
Event: 40,763 GC heap before
{Heap before GC invocations=18 (full 3):
 PSYoungGen      total 253952K, used 253674K [0x00000000e0000000, 0x00000000f1480000, 0x0000000100000000)
  eden space 237056K, 100% used [0x00000000e0000000,0x00000000ee780000,0x00000000ee780000)
  from space 16896K, 98% used [0x00000000f0400000,0x00000000f143a808,0x00000000f1480000)
  to   space 20480K, 0% used [0x00000000eec80000,0x00000000eec80000,0x00000000f0080000)
 ParOldGen       total 79360K, used 34084K [0x00000000a0000000, 0x00000000a4d80000, 0x00000000e0000000)
  object space 79360K, 42% used [0x00000000a0000000,0x00000000a2149190,0x00000000a4d80000)
 Metaspace       used 77083K, capacity 79724K, committed 79764K, reserved 1118208K
  class space    used 10054K, capacity 10656K, committed 10684K, reserved 1048576K

